# Goblin 700
000000000;4291420554;0;Tx; 
000000000;4272321920;0;Rx; 
000000000;4272321920;1;U Rx;V
000000000;4272321920;2;A1; 
000000000;4272321920;3;A2; 
000000000;4272321920;4;Q;%
000000000;3920121719;0;MEZON 130; 
000000000;3920121719;1;U Battery;V
000000000;3920121719;2;I Battery;A
000000000;3920121719;3;U BEC;V
000000000;3920121719;4;I BEC;A
000000000;3920121719;5;Capacity;mAh
000000000;3920121719;6;Revolution;RPM
000000000;3920121719;7;Temp.;°C
000000000;3920121719;8;Run Time;s
000000000;3920121719;9;PWM;%
000304210;3920121719;1;1;1;462
000304210;3920121719;2;1;0;0
000304210;3920121719;3;1;1;55
000304210;3920121719;4;1;1;0
000304210;3920121719;5;4;0;0
000304210;3920121719;6;4;0;0
000304210;3920121719;7;1;0;17
000304210;3920121719;8;5;0;0
000304210;3920121719;9;1;0;0
000304266;3920121719;1;1;1;462
000304266;3920121719;2;1;0;0
000304266;3920121719;4;1;1;0
000304266;3920121719;6;4;0;0
000304266;3920121719;7;1;0;17
000304267;3920121719;9;1;0;0
000304679;4272321920;1;1;2;765;2;1;0;9;3;1;0;9;4;1;0;100
000304840;3920121719;1;1;1;462
000304843;3920121719;2;1;0;0
000304843;3920121719;3;1;1;55
000304843;3920121719;4;1;1;0
000304843;3920121719;6;4;0;0
000304843;3920121719;9;1;0;0
000304878;3920121719;1;1;1;462
000304878;3920121719;2;1;0;0
000304878;3920121719;4;1;1;0
000304878;3920121719;6;4;0;0
000304878;3920121719;8;5;0;0
000304878;3920121719;9;1;0;0
000304998;3920121719;1;1;1;462
000304998;3920121719;2;1;0;0
000304998;3920121719;3;1;1;55
000304998;3920121719;4;1;1;0
000304998;3920121719;6;4;0;0
000304998;3920121719;9;1;0;0
000305097;3920121719;1;1;1;462
000305097;3920121719;2;1;0;0
000305097;3920121719;4;1;1;0
000305097;3920121719;5;4;0;0
000305097;3920121719;6;4;0;0
000305097;3920121719;9;1;0;0
000305200;3920121719;1;1;1;462
000305200;3920121719;2;1;0;0
000305200;3920121719;3;1;1;55
000305200;3920121719;4;1;1;0
000305200;3920121719;6;4;0;0
000305200;3920121719;9;1;0;0
000305201;4272321920;1;1;2;765;2;1;0;9;3;1;0;9;4;1;0;98
000305278;3920121719;1;1;1;462
000305278;3920121719;2;1;0;0
000305278;3920121719;4;1;1;0
000305278;3920121719;6;4;0;0
000305281;3920121719;7;1;0;17
000305281;3920121719;9;1;0;0
000305398;3920121719;1;1;1;462
000305398;3920121719;2;1;0;0
000305398;3920121719;3;1;1;55
000305398;3920121719;4;1;1;0
000305398;3920121719;6;4;0;0
000305398;3920121719;9;1;0;0
000305498;3920121719;1;1;1;462
000305498;3920121719;2;1;0;0
000305498;3920121719;4;1;1;0
000305498;3920121719;5;4;0;0
000305498;3920121719;6;4;0;0
000305498;3920121719;9;1;0;0
000305578;3920121719;1;1;1;462
000305578;3920121719;2;1;0;0
000305578;3920121719;3;1;1;55
000305581;3920121719;4;1;1;0
000305581;3920121719;6;4;0;0
000305581;3920121719;9;1;0;0
000305699;3920121719;1;1;1;462
000305699;3920121719;2;1;0;0
000305699;3920121719;4;1;1;0
000305699;3920121719;6;4;0;0
000305699;3920121719;7;1;0;17
000305699;3920121719;9;1;0;0
000305718;4272321920;1;1;2;765;2;1;0;9;3;1;0;9;4;1;0;100
000305816;3920121719;1;1;1;462
000305816;3920121719;2;1;0;0
000305816;3920121719;3;1;1;55
000305817;3920121719;4;1;1;0
000305817;3920121719;6;4;0;0
000305817;3920121719;9;1;0;0
000305879;3920121719;1;1;1;462
000305879;3920121719;2;1;0;0
000305879;3920121719;4;1;1;0
000305879;3920121719;6;4;0;0
000305879;3920121719;8;5;0;0
000305879;3920121719;9;1;0;0
000306118;3920121719;1;1;1;462
000306118;3920121719;2;1;0;0
000306118;3920121719;3;1;1;55
000306118;3920121719;4;1;1;0
000306118;3920121719;6;4;0;0
000306118;3920121719;9;1;0;0
000306178;3920121719;1;1;1;462
000306178;3920121719;2;1;0;0
000306178;3920121719;4;1;1;0
000306178;3920121719;5;4;0;0
000306178;3920121719;6;4;0;0
000306178;3920121719;9;1;0;0
000306238;4272321920;1;1;2;765;2;1;0;9;3;1;0;9;4;1;0;100
000306297;3920121719;1;1;1;462
000306297;3920121719;2;1;0;0
000306297;3920121719;3;1;1;55
000306297;3920121719;4;1;1;0
000306297;3920121719;6;4;0;0
000306297;3920121719;9;1;0;0
000306400;3920121719;1;1;1;462
000306400;3920121719;2;1;0;0
000306400;3920121719;4;1;1;0
000306400;3920121719;6;4;0;0
000306400;3920121719;7;1;0;17
000306400;3920121719;9;1;0;0
000306520;3920121719;1;1;1;462
000306520;3920121719;2;1;0;0
000306520;3920121719;3;1;1;55
000306524;3920121719;4;1;1;0
000306524;3920121719;6;4;0;0
000306524;3920121719;9;1;0;0
000306656;3920121719;1;1;1;462
000306657;3920121719;2;1;0;0
000306657;3920121719;4;1;1;0
000306657;3920121719;5;4;0;0
000306657;3920121719;6;4;0;0
000306657;3920121719;9;1;0;0
000306719;3920121719;1;1;1;462
000306719;3920121719;2;1;0;0
000306719;3920121719;3;1;1;55
000306719;3920121719;4;1;1;0
000306719;3920121719;6;4;0;0
000306719;3920121719;9;1;0;0
000306761;4272321920;1;1;2;765;2;1;0;9;3;1;0;9;4;1;0;98
000306818;3920121719;1;1;1;462
000306821;3920121719;2;1;0;0
000306821;3920121719;4;1;1;0
000306821;3920121719;6;4;0;0
000306821;3920121719;7;1;0;17
000306821;3920121719;9;1;0;0
000306938;3920121719;1;1;1;462
000306938;3920121719;2;1;0;0
000306938;3920121719;3;1;1;55
000306938;3920121719;4;1;1;0
000306938;3920121719;6;4;0;0
000306938;3920121719;9;1;0;0
000307038;3920121719;1;1;1;462
000307038;3920121719;2;1;0;0
000307038;3920121719;4;1;1;0
000307038;3920121719;6;4;0;0
000307038;3920121719;8;5;0;0
000307038;3920121719;9;1;0;0
000307131;3920121719;1;1;1;462
000307131;3920121719;2;1;0;0
000307131;3920121719;3;1;1;55
000307131;3920121719;4;1;1;0
000307131;3920121719;6;4;0;0
000307131;3920121719;9;1;0;0
000307239;3920121719;1;1;1;462
000307240;3920121719;2;1;0;0
000307240;3920121719;4;1;1;0
000307240;3920121719;5;4;0;0
000307240;3920121719;6;4;0;0
000307240;3920121719;9;1;0;0
000307278;4272321920;1;1;2;765;2;1;0;9;3;1;0;9;4;1;0;98
000307368;3920121719;1;1;1;462
000307368;3920121719;2;1;0;0
000307368;3920121719;3;1;1;55
000307368;3920121719;4;1;1;0
000307372;3920121719;6;4;0;0
000307372;3920121719;9;1;0;0
000307438;3920121719;1;1;1;462
000307438;3920121719;2;1;0;0
000307438;3920121719;4;1;1;0
000307438;3920121719;6;4;0;0
000307438;3920121719;7;1;0;17
000307438;3920121719;9;1;0;0
000307539;3920121719;1;1;1;462
000307539;3920121719;2;1;0;0
000307539;3920121719;3;1;1;55
000307539;3920121719;4;1;1;0
000307539;3920121719;6;4;0;0
000307539;3920121719;9;1;0;0
000307798;4272321920;1;1;2;765;2;1;0;9;3;1;0;9;4;1;0;98
000308138;3920121719;1;1;1;462
000308141;3920121719;2;1;0;0
000308141;3920121719;4;1;1;0
000308141;3920121719;5;4;0;0
000308141;3920121719;6;4;0;0
000308141;3920121719;9;1;0;0
000308213;3920121719;1;1;1;462
000308213;3920121719;2;1;0;0
000308213;3920121719;3;1;1;55
000308215;3920121719;4;1;1;0
000308215;3920121719;6;4;0;0
000308215;3920121719;9;1;0;0
000308335;3920121719;1;1;1;462
000308335;3920121719;2;1;0;0
000308335;3920121719;4;1;1;0
000308335;3920121719;6;4;0;0
000308335;3920121719;7;1;0;17
000308335;3920121719;9;1;0;0
000308335;4272321920;1;1;2;765;2;1;0;9;3;1;0;9;4;1;0;100
000308440;3920121719;1;1;1;462
000308440;3920121719;2;1;0;0
000308440;3920121719;3;1;1;55
000308440;3920121719;4;1;1;0
000308440;3920121719;6;4;0;0
000308440;3920121719;9;1;0;0
000308564;3920121719;1;1;1;462
000308564;3920121719;2;1;0;0
000308564;3920121719;4;1;1;0
000308564;3920121719;6;4;0;0
000308564;3920121719;8;5;0;0
000308564;3920121719;9;1;0;0
000308638;3920121719;1;1;1;462
000308638;3920121719;2;1;0;0
000308638;3920121719;3;1;1;55
000308638;3920121719;4;1;1;0
000308641;3920121719;6;4;0;0
000308641;3920121719;9;1;0;0
000308738;3920121719;1;1;1;462
000308738;3920121719;2;1;0;0
000308738;3920121719;4;1;1;0
000308738;3920121719;5;4;0;0
000308738;3920121719;6;4;0;0
000308738;3920121719;9;1;0;0
000308839;4272321920;1;1;2;765;2;1;0;9;3;1;0;9;4;1;0;100
000308839;3920121719;1;1;1;462
000308839;3920121719;2;1;0;0
000308839;3920121719;3;1;1;55
000308839;3920121719;4;1;1;0
000308839;3920121719;6;4;0;0
000308839;3920121719;9;1;0;0
000308939;3920121719;1;1;1;462
000308943;3920121719;2;1;0;0
000308943;3920121719;4;1;1;0
000308943;3920121719;6;4;0;0
000308943;3920121719;7;1;0;17
000308943;3920121719;9;1;0;0
000309056;3920121719;1;1;1;462
000309056;3920121719;2;1;0;0
000309056;3920121719;3;1;1;55
000309056;3920121719;4;1;1;0
000309056;3920121719;6;4;0;0
000309057;3920121719;9;1;0;0
000309167;3920121719;1;1;1;462
000309167;3920121719;2;1;0;0
000309167;3920121719;4;1;1;0
000309167;3920121719;5;4;0;0
000309167;3920121719;6;4;0;0
000309167;3920121719;9;1;0;0
000309238;3920121719;1;1;1;462
000309241;3920121719;2;1;0;0
000309241;3920121719;3;1;1;55
000309241;3920121719;4;1;1;0
000309241;3920121719;6;4;0;0
000309241;3920121719;9;1;0;0
000309338;3920121719;1;1;1;462
000309338;3920121719;2;1;0;0
000309338;3920121719;4;1;1;0
000309338;3920121719;6;4;0;0
000309338;3920121719;7;1;0;17
000309338;3920121719;9;1;0;0
000309358;4272321920;1;1;2;765;2;1;0;9;3;1;0;9;4;1;0;100
000309438;3920121719;1;1;1;462
000309438;3920121719;2;1;0;0
000309438;3920121719;3;1;1;55
000309438;3920121719;4;1;1;0
000309441;3920121719;6;4;0;0
000309441;3920121719;9;1;0;0
000309537;3920121719;1;1;1;462
000309537;3920121719;2;1;0;0
000309537;3920121719;4;1;1;0
000309537;3920121719;6;4;0;0
000309537;3920121719;8;5;0;0
000309537;3920121719;9;1;0;0
000309718;3920121719;1;1;1;462
000309718;3920121719;2;1;0;0
000309718;3920121719;3;1;1;55
000309718;3920121719;4;1;1;0
000309718;3920121719;6;4;0;0
000309718;3920121719;9;1;0;0
000309838;3920121719;1;1;1;462
000309838;3920121719;2;1;0;0
000309838;3920121719;4;1;1;0
000309838;3920121719;5;4;0;0
000309841;3920121719;6;4;0;0
000309841;3920121719;9;1;0;0
000309900;4272321920;1;1;2;765;2;1;0;9;3;1;0;9;4;1;0;100
000309918;3920121719;1;1;1;462
000309918;3920121719;2;1;0;0
000309918;3920121719;3;1;1;55
000309918;3920121719;4;1;1;0
000309918;3920121719;6;4;0;0
000309918;3920121719;9;1;0;0
000310018;3920121719;1;1;1;462
000310018;3920121719;2;1;0;0
000310018;3920121719;4;1;1;0
000310018;3920121719;6;4;0;0
000310018;3920121719;7;1;0;17
000310018;3920121719;9;1;0;0
000310119;3920121719;1;1;1;462
000310122;3920121719;2;1;0;0
000310122;3920121719;3;1;1;55
000310122;3920121719;4;1;1;0
000310122;3920121719;6;4;0;0
000310122;3920121719;9;1;0;0
000310257;3920121719;1;1;1;462
000310257;3920121719;2;1;0;0
000310257;3920121719;4;1;1;0
000310257;3920121719;5;4;0;0
000310257;3920121719;6;4;0;0
000310257;3920121719;9;1;0;0
000310319;3920121719;1;1;1;462
000310319;3920121719;2;1;0;0
000310319;3920121719;3;1;1;55
000310319;3920121719;4;1;1;0
000310319;3920121719;6;4;0;0
000310319;3920121719;9;1;0;0
000310398;4272321920;1;1;2;765;2;1;0;9;3;1;0;9;4;1;0;100
000310419;3920121719;1;1;1;462
000310419;3920121719;2;1;0;0
000310419;3920121719;4;1;1;0
000310419;3920121719;6;4;0;0
000310419;3920121719;7;1;0;17
000310419;3920121719;9;1;0;0
000310518;3920121719;1;1;1;462
000310518;3920121719;2;1;0;0
000310518;3920121719;3;1;1;55
000310518;3920121719;4;1;1;0
000310518;3920121719;6;4;0;0
000310518;3920121719;9;1;0;0
000310609;3920121719;1;1;1;462
000310609;3920121719;2;1;0;0
000310611;3920121719;4;1;1;0
000310611;3920121719;6;4;0;0
000310615;3920121719;8;5;0;0
000310615;3920121719;9;1;0;0
000310737;3920121719;1;1;1;462
000310737;3920121719;2;1;0;0
000310737;3920121719;3;1;1;55
000310737;3920121719;4;1;1;0
000310737;3920121719;6;4;0;0
000310737;3920121719;9;1;0;0
000310839;3920121719;1;1;1;462
000310839;3920121719;2;1;0;0
000310839;3920121719;4;1;1;0
000310839;3920121719;5;4;0;0
000310840;3920121719;6;4;0;0
000310840;3920121719;9;1;0;0
000310918;4272321920;1;1;2;765;2;1;0;9;3;1;0;9;4;1;0;100
000310918;3920121719;1;1;1;462
000310921;3920121719;2;1;0;0
000310921;3920121719;3;1;1;55
000310921;3920121719;4;1;1;0
000310921;3920121719;6;4;0;0
000310921;3920121719;9;1;0;0
000311457;4272321920;1;1;2;765;2;1;0;9;3;1;0;9;4;1;0;100
000311478;3920121719;1;1;1;462
000311478;3920121719;2;1;0;0
000311478;3920121719;4;1;1;0
000311478;3920121719;6;4;0;0
000311478;3920121719;7;1;0;17
000311478;3920121719;9;1;0;0
000311573;3920121719;1;1;1;462
000311573;3920121719;2;1;0;0
000311573;3920121719;3;1;1;55
000311573;3920121719;4;1;1;0
000311573;3920121719;6;4;0;0
000311576;3920121719;9;1;0;0
000311808;3920121719;1;1;1;462
000311808;3920121719;2;1;0;0
000311808;3920121719;4;1;1;0
000311808;3920121719;5;4;0;0
000311808;3920121719;6;4;0;0
000311808;3920121719;9;1;0;0
000311878;3920121719;1;1;1;462
000311878;3920121719;2;1;0;0
000311878;3920121719;3;1;1;55
000311878;3920121719;4;1;1;0
000311878;3920121719;6;4;0;0
000311878;3920121719;9;1;0;0
000311958;4272321920;1;1;2;765;2;1;0;9;3;1;0;9;4;1;0;100
000311979;3920121719;1;1;1;462
000311979;3920121719;2;1;0;0
000311983;3920121719;4;1;1;0
000311983;3920121719;6;4;0;0
000311983;3920121719;7;1;0;17
000311983;3920121719;9;1;0;0
000312079;3920121719;1;1;1;462
000312079;3920121719;2;1;0;0
000312079;3920121719;3;1;1;55
000312079;3920121719;4;1;1;0
000312079;3920121719;6;4;0;0
000312079;3920121719;9;1;0;0
000312179;3920121719;1;1;1;462
000312179;3920121719;2;1;0;0
000312179;3920121719;4;1;1;0
000312179;3920121719;6;4;0;0
000312179;3920121719;8;5;0;0
000312179;3920121719;9;1;0;0
000312297;3920121719;1;1;1;462
000312297;3920121719;2;1;0;0
000312300;3920121719;3;1;1;55
000312300;3920121719;4;1;1;0
000312300;3920121719;6;4;0;0
000312300;3920121719;9;1;0;0
000312378;3920121719;1;1;1;462
000312378;3920121719;2;1;0;0
000312378;3920121719;4;1;1;0
000312378;3920121719;5;4;0;0
000312378;3920121719;6;4;0;0
000312378;3920121719;9;1;0;0
000312478;4272321920;1;1;2;765;2;1;0;9;3;1;0;9;4;1;0;100
000312478;3920121719;1;1;1;462
000312478;3920121719;2;1;0;0
000312478;3920121719;3;1;1;55
000312478;3920121719;4;1;1;0
000312478;3920121719;6;4;0;0
000312481;3920121719;9;1;0;0
000312578;3920121719;1;1;1;462
000312578;3920121719;2;1;0;0
000312578;3920121719;4;1;1;0
000312578;3920121719;6;4;0;0
000312578;3920121719;7;1;0;17
000312578;3920121719;9;1;0;0
000312678;3920121719;1;1;1;462
000312678;3920121719;2;1;0;0
000312678;3920121719;3;1;1;55
000312678;3920121719;4;1;1;0
000312678;3920121719;6;4;0;0
000312678;3920121719;9;1;0;0
000312778;3920121719;1;1;1;462
000312778;3920121719;2;1;0;0
000312778;3920121719;4;1;1;0
000312778;3920121719;5;4;0;0
000312781;3920121719;6;4;0;0
000312781;3920121719;9;1;0;0
000312878;3920121719;1;1;1;462
000312878;3920121719;2;1;0;0
000312878;3920121719;3;1;1;55
000312878;3920121719;4;1;1;0
000312878;3920121719;6;4;0;0
000312878;3920121719;9;1;0;0
000312978;3920121719;1;1;1;462
000312978;3920121719;2;1;0;0
000312978;3920121719;4;1;1;0
000312978;3920121719;6;4;0;0
000312978;3920121719;7;1;0;17
000312978;3920121719;9;1;0;0
000312999;4272321920;1;1;2;765;2;1;0;9;3;1;0;9;4;1;0;100
000313058;3920121719;1;1;1;462
000313058;3920121719;2;1;0;0
000313061;3920121719;3;1;1;55
000313061;3920121719;4;1;1;0
000313061;3920121719;6;4;0;0
000313061;3920121719;9;1;0;0
000313178;3920121719;1;1;1;462
000313178;3920121719;2;1;0;0
000313178;3920121719;4;1;1;0
000313178;3920121719;6;4;0;0
000313178;3920121719;8;5;0;0
000313178;3920121719;9;1;0;0
000313358;3920121719;1;1;1;462
000313358;3920121719;2;1;0;0
000313358;3920121719;3;1;1;55
000313358;3920121719;4;1;1;0
000313358;3920121719;6;4;0;0
000313358;3920121719;9;1;0;0
000313458;3920121719;1;1;1;462
000313462;3920121719;2;1;0;0
000313462;3920121719;4;1;1;0
000313462;3920121719;5;4;0;0
000313462;3920121719;6;4;0;0
000313462;3920121719;9;1;0;0
000313518;4272321920;1;1;2;765;2;1;0;9;3;1;0;9;4;1;0;98
000313559;3920121719;1;1;1;462
000313559;3920121719;2;1;0;0
000313559;3920121719;3;1;1;55
000313559;3920121719;4;1;1;0
000313559;3920121719;6;4;0;0
000313559;3920121719;9;1;0;0
000313659;3920121719;1;1;1;462
000313659;3920121719;2;1;0;0
000313659;3920121719;4;1;1;0
000313659;3920121719;6;4;0;0
000313659;3920121719;7;1;0;17
000313662;3920121719;9;1;0;0
000313758;3920121719;1;1;1;462
000313758;3920121719;2;1;0;0
000313758;3920121719;3;1;1;55
000313758;3920121719;4;1;1;0
000313758;3920121719;6;4;0;0
000313758;3920121719;9;1;0;0
000313858;3920121719;1;1;1;462
000313858;3920121719;2;1;0;0
000313858;3920121719;4;1;1;0
000313858;3920121719;5;4;0;0
000313858;3920121719;6;4;0;0
000313858;3920121719;9;1;0;0
000313958;3920121719;1;1;1;462
000313958;3920121719;2;1;0;0
000313958;3920121719;3;1;1;55
000313958;3920121719;4;1;1;0
000313961;3920121719;6;4;0;0
000313961;3920121719;9;1;0;0
000314038;4272321920;1;1;2;765;2;1;0;9;3;1;0;9;4;1;0;100
000314038;3920121719;1;1;1;462
000314038;3920121719;2;1;0;0
000314038;3920121719;4;1;1;0
000314038;3920121719;6;4;0;0
000314038;3920121719;7;1;0;17
000314038;3920121719;9;1;0;0
000314138;3920121719;1;1;1;462
000314138;3920121719;2;1;0;0
000314138;3920121719;3;1;1;55
000314138;3920121719;4;1;1;0
000314138;3920121719;6;4;0;0
000314138;3920121719;9;1;0;0
000314258;3920121719;1;1;1;462
000314258;3920121719;2;1;0;0
000314260;3920121719;4;1;1;0
000314260;3920121719;6;4;0;0
000314260;3920121719;8;5;0;0
000314260;3920121719;9;1;0;0
000314558;4272321920;1;1;2;765;2;1;0;9;3;1;0;9;4;1;0;100
000314818;3920121719;1;1;1;462
000314818;3920121719;2;1;0;0
000314818;3920121719;3;1;1;55
000314818;3920121719;4;1;1;0
000314818;3920121719;6;4;0;0
000314818;3920121719;9;1;0;0
000314898;3920121719;1;1;1;462
000314898;3920121719;2;1;0;0
000314898;3920121719;4;1;1;0
000314898;3920121719;5;4;0;0
000314898;3920121719;6;4;0;0
000314901;3920121719;9;1;0;0
000315018;3920121719;1;1;1;462
000315018;3920121719;2;1;0;0
000315018;3920121719;3;1;1;55
000315018;3920121719;4;1;1;0
000315018;3920121719;6;4;0;0
000315018;3920121719;9;1;0;0
000315078;4272321920;1;1;2;765;2;1;0;9;3;1;0;9;4;1;0;96
000315118;3920121719;1;1;1;462
000315118;3920121719;2;1;0;0
000315118;3920121719;4;1;1;0
000315118;3920121719;6;4;0;0
000315118;3920121719;7;1;0;17
000315118;3920121719;9;1;0;0
000315219;3920121719;1;1;1;462
000315219;3920121719;2;1;0;0
000315219;3920121719;3;1;1;55
000315223;3920121719;4;1;1;0
000315223;3920121719;6;4;0;0
000315223;3920121719;9;1;0;0
000315419;3920121719;1;1;1;462
000315419;3920121719;2;1;0;0
000315419;3920121719;4;1;1;0
000315419;3920121719;5;4;0;0
000315419;3920121719;6;4;0;0
000315419;3920121719;9;1;0;0
000315518;3920121719;1;1;1;462
000315518;3920121719;2;1;0;0
000315518;3920121719;3;1;1;55
000315518;3920121719;4;1;1;0
000315518;3920121719;6;4;0;0
000315518;3920121719;9;1;0;0
000315599;4272321920;1;1;2;765;2;1;0;9;3;1;0;9;4;1;0;100
000315618;3920121719;1;1;1;462
000315618;3920121719;2;1;0;0
000315618;3920121719;4;1;1;0
000315618;3920121719;6;4;0;0
000315618;3920121719;7;1;0;17
000315618;3920121719;9;1;0;0
000315718;3920121719;1;1;1;462
000315718;3920121719;2;1;0;0
000315718;3920121719;3;1;1;55
000315718;3920121719;4;1;1;0
000315718;3920121719;6;4;0;0
000315718;3920121719;9;1;0;0
000315818;3920121719;1;1;1;462
000315818;3920121719;2;1;0;0
000315818;3920121719;4;1;1;0
000315818;3920121719;6;4;0;0
000315818;3920121719;8;5;0;0
000315821;3920121719;9;1;0;0
000315918;3920121719;1;1;1;462
000315918;3920121719;2;1;0;0
000315918;3920121719;3;1;1;55
000315918;3920121719;4;1;1;0
000315918;3920121719;6;4;0;0
000315918;3920121719;9;1;0;0
000316018;3920121719;1;1;1;462
000316018;3920121719;2;1;0;0
000316018;3920121719;4;1;1;0
000316018;3920121719;5;4;0;0
000316018;3920121719;6;4;0;0
000316018;3920121719;9;1;0;0
000316118;4272321920;1;1;2;765;2;1;0;9;3;1;0;9;4;1;0;100
000316118;3920121719;1;1;1;462
000316118;3920121719;2;1;0;0
000316118;3920121719;3;1;1;55
000316121;3920121719;4;1;1;0
000316121;3920121719;6;4;0;0
000316121;3920121719;9;1;0;0
000316218;3920121719;1;1;1;462
000316218;3920121719;2;1;0;0
000316218;3920121719;4;1;1;0
000316218;3920121719;6;4;0;0
000316218;3920121719;7;1;0;17
000316218;3920121719;9;1;0;0
000316318;3920121719;1;1;1;462
000316318;3920121719;2;1;0;0
000316318;3920121719;3;1;1;55
000316318;3920121719;4;1;1;0
000316318;3920121719;6;4;0;0
000316318;3920121719;9;1;0;0
000316418;3920121719;1;1;1;462
000316418;3920121719;2;1;0;0
000316422;3920121719;4;1;1;0
000316422;3920121719;5;4;0;0
000316422;3920121719;6;4;0;0
000316422;3920121719;9;1;0;0
000316519;3920121719;1;1;1;462
000316519;3920121719;2;1;0;0
000316519;3920121719;3;1;1;55
000316519;3920121719;4;1;1;0
000316519;3920121719;6;4;0;0
000316519;3920121719;9;1;0;0
000316619;3920121719;1;1;1;462
000316619;3920121719;2;1;0;0
000316619;3920121719;4;1;1;0
000316619;3920121719;6;4;0;0
000316619;3920121719;7;1;0;17
000316619;3920121719;9;1;0;0
000316638;4272321920;1;1;2;765;2;1;0;9;3;1;0;9;4;1;0;100
000316718;3920121719;1;1;1;462
000316718;3920121719;2;1;0;0
000316718;3920121719;3;1;1;55
000316718;3920121719;4;1;1;0
000316718;3920121719;6;4;0;0
000316718;3920121719;9;1;0;0
000316799;3920121719;1;1;1;462
000316799;3920121719;2;1;0;0
000316799;3920121719;4;1;1;0
000316799;3920121719;6;4;0;0
000316799;3920121719;8;5;0;0
000316799;3920121719;9;1;0;0
000316998;3920121719;1;1;1;462
000316998;3920121719;2;1;0;0
000316998;3920121719;3;1;1;55
000316998;3920121719;4;1;1;0
000316998;3920121719;6;4;0;0
000317001;3920121719;9;1;0;0
000317098;3920121719;1;1;1;462
000317098;3920121719;2;1;0;0
000317098;3920121719;4;1;1;0
000317098;3920121719;5;4;0;0
000317098;3920121719;6;4;0;0
000317098;3920121719;9;1;0;0
000317158;4272321920;1;1;2;765;2;1;0;9;3;1;0;9;4;1;0;100
000317198;3920121719;1;1;1;462
000317198;3920121719;2;1;0;0
000317198;3920121719;3;1;1;55
000317198;3920121719;4;1;1;0
000317198;3920121719;6;4;0;0
000317198;3920121719;9;1;0;0
000317298;3920121719;1;1;1;462
000317298;3920121719;2;1;0;0
000317298;3920121719;4;1;1;0
000317301;3920121719;6;4;0;0
000317301;3920121719;7;1;0;17
000317301;3920121719;9;1;0;0
000317398;3920121719;1;1;1;462
000317398;3920121719;2;1;0;0
000317398;3920121719;3;1;1;55
000317398;3920121719;4;1;1;0
000317398;3920121719;6;4;0;0
000317398;3920121719;9;1;0;0
000317498;3920121719;1;1;1;462
000317498;3920121719;2;1;0;0
000317498;3920121719;4;1;1;0
000317498;3920121719;5;4;0;0
000317498;3920121719;6;4;0;0
000317498;3920121719;9;1;0;0
000317598;3920121719;1;1;1;462
000317598;3920121719;2;1;0;0
000317601;3920121719;3;1;1;55
000317601;3920121719;4;1;1;0
000317601;3920121719;6;4;0;0
000317601;3920121719;9;1;0;0
000317678;4272321920;1;1;2;765;2;1;0;9;3;1;0;9;4;1;0;100
000318138;3920121719;1;1;1;462
000318138;3920121719;2;1;0;0
000318138;3920121719;4;1;1;0
000318138;3920121719;6;4;0;0
000318138;3920121719;7;1;0;17
000318138;3920121719;9;1;0;0
000318198;4272321920;1;1;2;765;2;1;0;9;3;1;0;9;4;1;0;100
000318238;3920121719;1;1;1;462
000318238;3920121719;2;1;0;0
000318238;3920121719;3;1;1;55
000318241;3920121719;4;1;1;0
000318241;3920121719;6;4;0;0
000318241;3920121719;9;1;0;0
000318338;3920121719;1;1;1;462
000318338;3920121719;2;1;0;0
000318338;3920121719;4;1;1;0
000318338;3920121719;6;4;0;0
000318338;3920121719;8;5;0;0
000318338;3920121719;9;1;0;0
000318459;3920121719;1;1;1;462
000318459;3920121719;2;1;0;0
000318459;3920121719;3;1;1;55
000318459;3920121719;4;1;1;0
000318459;3920121719;6;4;0;0
000318459;3920121719;9;1;0;0
000318559;3920121719;1;1;1;462
000318559;3920121719;2;1;0;0
000318559;3920121719;4;1;1;0
000318563;3920121719;5;4;0;0
000318563;3920121719;6;4;0;0
000318563;3920121719;9;1;0;0
000318659;3920121719;1;1;1;462
000318659;3920121719;2;1;0;0
000318659;3920121719;3;1;1;55
000318659;3920121719;4;1;1;0
000318659;3920121719;6;4;0;0
000318659;3920121719;9;1;0;0
000318718;4272321920;1;1;2;765;2;1;0;9;3;1;0;9;4;1;0;100
000318778;3920121719;1;1;1;462
000318778;3920121719;2;1;0;0
000318778;3920121719;4;1;1;0
000318778;3920121719;6;4;0;0
000318778;3920121719;7;1;0;17
000318778;3920121719;9;1;0;0
000318858;3920121719;1;1;1;462
000318858;3920121719;2;1;0;0
000318858;3920121719;3;1;1;55
000318858;3920121719;4;1;1;0
000318858;3920121719;6;4;0;0
000318858;3920121719;9;1;0;0
000319078;3920121719;1;1;1;462
000319078;3920121719;2;1;0;0
000319078;3920121719;4;1;1;0
000319078;3920121719;5;4;0;0
000319078;3920121719;6;4;0;0
000319078;3920121719;9;1;0;0
000319158;3920121719;1;1;1;462
000319158;3920121719;2;1;0;0
000319158;3920121719;3;1;1;55
000319158;3920121719;4;1;1;0
000319158;3920121719;6;4;0;0
000319158;3920121719;9;1;0;0
000319238;4272321920;1;1;2;765;2;1;0;9;3;1;0;9;4;1;0;100
000319258;3920121719;1;1;1;462
000319258;3920121719;2;1;0;0
000319258;3920121719;4;1;1;0
000319258;3920121719;6;4;0;0
000319258;3920121719;7;1;0;17
000319258;3920121719;9;1;0;0
000319358;3920121719;1;1;1;462
000319358;3920121719;2;1;0;0
000319358;3920121719;3;1;1;55
000319358;3920121719;4;1;1;0
000319358;3920121719;6;4;0;0
000319358;3920121719;9;1;0;0
000319479;3920121719;1;1;1;462
000319479;3920121719;2;1;0;0
000319479;3920121719;4;1;1;0
000319483;3920121719;6;4;0;0
000319483;3920121719;8;5;0;0
000319483;3920121719;9;1;0;0
000319558;3920121719;1;1;1;462
000319558;3920121719;2;1;0;0
000319558;3920121719;3;1;1;55
000319558;3920121719;4;1;1;0
000319558;3920121719;6;4;0;0
000319558;3920121719;9;1;0;0
000319659;3920121719;1;1;1;462
000319659;3920121719;2;1;0;0
000319659;3920121719;4;1;1;0
000319659;3920121719;5;4;0;0
000319659;3920121719;6;4;0;0
000319659;3920121719;9;1;0;0
000319759;4272321920;1;1;2;765;2;1;0;9;3;1;0;9;4;1;0;98
000319759;3920121719;1;1;1;462
000319763;3920121719;2;1;0;0
000319763;3920121719;3;1;1;55
000319763;3920121719;4;1;1;0
000319763;3920121719;6;4;0;0
000319763;3920121719;9;1;0;0
000319859;3920121719;1;1;1;462
000319859;3920121719;2;1;0;0
000319859;3920121719;4;1;1;0
000319859;3920121719;6;4;0;0
000319859;3920121719;7;1;0;17
000319859;3920121719;9;1;0;0
000319958;3920121719;1;1;1;462
000319958;3920121719;2;1;0;0
000319958;3920121719;3;1;1;55
000319958;3920121719;4;1;1;0
000319958;3920121719;6;4;0;0
000319958;3920121719;9;1;0;0
000320058;3920121719;1;1;1;462
000320058;3920121719;2;1;0;0
000320058;3920121719;4;1;1;0
000320058;3920121719;5;4;0;0
000320058;3920121719;6;4;0;0
000320058;3920121719;9;1;0;0
000320158;3920121719;1;1;1;462
000320158;3920121719;2;1;0;0
000320158;3920121719;3;1;1;55
000320158;3920121719;4;1;1;0
000320158;3920121719;6;4;0;0
000320158;3920121719;9;1;0;0
000320258;3920121719;1;1;1;462
000320258;3920121719;2;1;0;0
000320258;3920121719;4;1;1;0
000320258;3920121719;6;4;0;0
000320258;3920121719;7;1;0;17
000320261;3920121719;9;1;0;0
000320278;4272321920;1;1;2;765;2;1;0;9;3;1;0;9;4;1;0;100
000320361;3920121719;1;1;1;462
000320361;3920121719;2;1;0;0
000320361;3920121719;3;1;1;55
000320361;3920121719;4;1;1;0
000320361;3920121719;6;4;0;0
000320361;3920121719;9;1;0;0
000320438;3920121719;1;1;1;462
000320438;3920121719;2;1;0;0
000320438;3920121719;4;1;1;0
000320438;3920121719;6;4;0;0
000320438;3920121719;8;5;0;0
000320438;3920121719;9;1;0;0
000320638;3920121719;1;1;1;462
000320638;3920121719;2;1;0;0
000320638;3920121719;3;1;1;55
000320641;3920121719;4;1;1;0
000320641;3920121719;6;4;0;0
000320641;3920121719;9;1;0;0
000320738;3920121719;1;1;1;462
000320738;3920121719;2;1;0;0
000320738;3920121719;4;1;1;0
000320738;3920121719;5;4;0;0
000320738;3920121719;6;4;0;0
000320738;3920121719;9;1;0;0
000320798;4272321920;1;1;2;765;2;1;0;9;3;1;0;9;4;1;0;100
000320838;3920121719;1;1;1;461
000320838;3920121719;2;1;0;0
000320838;3920121719;3;1;1;55
000320838;3920121719;4;1;1;0
000320838;3920121719;6;4;0;0
000320838;3920121719;9;1;0;0
000320938;3920121719;1;1;1;462
000320938;3920121719;2;1;0;0
000320938;3920121719;4;1;1;0
000320938;3920121719;6;4;0;0
000320938;3920121719;7;1;0;17
000320938;3920121719;9;1;0;0
000321318;4272321920;1;1;2;765;2;1;0;9;3;1;0;9;4;1;0;100
000321478;3920121719;1;1;1;462
000321478;3920121719;2;1;0;0
000321478;3920121719;3;1;1;55
000321478;3920121719;4;1;1;0
000321478;3920121719;6;4;0;0
000321478;3920121719;9;1;0;0
000321578;3920121719;1;1;1;462
000321578;3920121719;2;1;0;0
000321578;3920121719;4;1;1;0
000321578;3920121719;5;4;0;0
000321581;3920121719;6;4;0;0
000321581;3920121719;9;1;0;0
000321678;3920121719;1;1;1;462
000321678;3920121719;2;1;0;0
000321678;3920121719;3;1;1;55
000321678;3920121719;4;1;1;0
000321678;3920121719;6;4;0;0
000321678;3920121719;9;1;0;0
000321799;3920121719;1;1;1;462
000321799;3920121719;2;1;0;0
000321799;3920121719;4;1;1;0
000321799;3920121719;6;4;0;0
000321799;3920121719;7;1;0;17
000321799;3920121719;9;1;0;0
000321838;4272321920;1;1;2;765;2;1;0;9;3;1;0;9;4;1;0;100
000321899;3920121719;1;1;1;462
000321902;3920121719;2;1;0;0
000321902;3920121719;3;1;1;55
000321902;3920121719;4;1;1;0
000321902;3920121719;6;4;0;0
000321902;3920121719;9;1;0;0
000322017;3920121719;1;1;1;462
000322017;3920121719;2;1;0;0
000322017;3920121719;4;1;1;0
000322017;3920121719;6;4;0;0
000322017;3920121719;8;5;0;0
000322017;3920121719;9;1;0;0
000322120;3920121719;1;1;1;462
000322120;3920121719;2;1;0;0
000322121;3920121719;3;1;1;55
000322121;3920121719;4;1;1;0
000322121;3920121719;6;4;0;0
000322121;3920121719;9;1;0;0
000322239;3920121719;1;1;1;462
000322243;3920121719;2;1;0;0
000322243;3920121719;4;1;1;0
000322243;3920121719;5;4;0;0
000322243;3920121719;6;4;0;0
000322243;3920121719;9;1;0;0
000322318;3920121719;1;1;1;462
000322318;3920121719;2;1;0;0
000322318;3920121719;3;1;1;55
000322318;3920121719;4;1;1;0
000322318;3920121719;6;4;0;0
000322318;3920121719;9;1;0;0
000322377;4272321920;1;1;2;765;2;1;0;9;3;1;0;9;4;1;0;100
000322398;3920121719;1;1;1;462
000322398;3920121719;2;1;0;0
000322398;3920121719;4;1;1;0
000322398;3920121719;6;4;0;0
000322401;3920121719;7;1;0;17
000322401;3920121719;9;1;0;0
000322518;3920121719;1;1;1;462
000322518;3920121719;2;1;0;0
000322518;3920121719;3;1;1;55
000322518;3920121719;4;1;1;0
000322518;3920121719;6;4;0;0
000322518;3920121719;9;1;0;0
000322730;3920121719;1;1;1;462
000322730;3920121719;2;1;0;0
000322730;3920121719;4;1;1;0
000322730;3920121719;5;4;0;0
000322730;3920121719;6;4;0;0
000322730;3920121719;9;1;0;0
000322798;3920121719;1;1;1;462
000322798;3920121719;2;1;0;0
000322798;3920121719;3;1;1;55
000322801;3920121719;4;1;1;0
000322801;3920121719;6;4;0;0
000322801;3920121719;9;1;0;0
000322878;4272321920;1;1;2;765;2;1;0;9;3;1;0;9;4;1;0;98
000322899;3920121719;1;1;1;462
000322899;3920121719;2;1;0;0
000322899;3920121719;4;1;1;0
000322899;3920121719;6;4;0;0
000322899;3920121719;7;1;0;17
000322899;3920121719;9;1;0;0
000323018;3920121719;1;1;1;462
000323018;3920121719;2;1;0;0
000323018;3920121719;3;1;1;55
000323018;3920121719;4;1;1;0
000323018;3920121719;6;4;0;0
000323018;3920121719;9;1;0;0
000323098;3920121719;1;1;1;462
000323101;3920121719;2;1;0;0
000323101;3920121719;4;1;1;0
000323101;3920121719;6;4;0;0
000323101;3920121719;8;5;0;0
000323101;3920121719;9;1;0;0
000323217;3920121719;1;1;1;462
000323217;3920121719;2;1;0;0
000323217;3920121719;3;1;1;55
000323217;3920121719;4;1;1;0
000323217;3920121719;6;4;0;0
000323217;3920121719;9;1;0;0
000323325;3920121719;1;1;1;462
000323325;3920121719;2;1;0;0
000323325;3920121719;4;1;1;0
000323325;3920121719;5;4;0;0
000323325;3920121719;6;4;0;0
000323325;3920121719;9;1;0;0
000323398;4272321920;1;1;2;765;2;1;0;9;3;1;0;9;4;1;0;98
000323398;3920121719;1;1;1;462
000323398;3920121719;2;1;0;0
000323398;3920121719;3;1;1;55
000323398;3920121719;4;1;1;0
000323398;3920121719;6;4;0;0
000323398;3920121719;9;1;0;0
000323498;3920121719;1;1;1;462
000323498;3920121719;2;1;0;0
000323498;3920121719;4;1;1;0
000323498;3920121719;6;4;0;0
000323498;3920121719;7;1;0;17
000323498;3920121719;9;1;0;0
000323598;3920121719;1;1;1;462
000323598;3920121719;2;1;0;0
000323598;3920121719;3;1;1;55
000323598;3920121719;4;1;1;0
000323601;3920121719;6;4;0;0
000323601;3920121719;9;1;0;0
000323718;3920121719;1;1;1;462
000323718;3920121719;2;1;0;0
000323718;3920121719;4;1;1;0
000323718;3920121719;5;4;0;0
000323718;3920121719;6;4;0;0
000323718;3920121719;9;1;0;0
000323800;3920121719;1;1;1;462
000323800;3920121719;2;1;0;0
000323800;3920121719;3;1;1;55
000323800;3920121719;4;1;1;0
000323800;3920121719;6;4;0;0
000323800;3920121719;9;1;0;0
000323927;3920121719;1;1;1;461
000323927;3920121719;2;1;0;0
000323927;3920121719;4;1;1;0
000323931;3920121719;6;4;0;0
000323931;3920121719;7;1;0;17
000323931;3920121719;9;1;0;0
000323933;4272321920;1;1;2;765;2;1;0;9;3;1;0;9;4;1;0;100
000323978;3920121719;1;1;1;462
000323978;3920121719;2;1;0;0
000323978;3920121719;3;1;1;55
000323978;3920121719;4;1;1;0
000323978;3920121719;6;4;0;0
000323978;3920121719;9;1;0;0
000324078;3920121719;1;1;1;462
000324078;3920121719;2;1;0;0
000324078;3920121719;4;1;1;0
000324078;3920121719;6;4;0;0
000324078;3920121719;8;5;0;0
000324078;3920121719;9;1;0;0
000324299;3920121719;1;1;1;462
000324302;3920121719;2;1;0;0
000324302;3920121719;3;1;1;55
000324303;3920121719;4;1;1;0
000324303;3920121719;6;4;0;0
000324303;3920121719;9;1;0;0
000324438;4272321920;1;1;2;765;2;1;0;9;3;1;0;9;4;1;0;98
000324818;3920121719;1;1;1;462
000324818;3920121719;2;1;0;0
000324818;3920121719;4;1;1;0
000324818;3920121719;5;4;0;0
000324818;3920121719;6;4;0;0
000324818;3920121719;9;1;0;0
000324918;3920121719;1;1;1;462
000324918;3920121719;2;1;0;0
000324918;3920121719;3;1;1;55
000324918;3920121719;4;1;1;0
000324921;3920121719;6;4;0;0
000324921;3920121719;9;1;0;0
000324958;4272321920;1;1;2;765;2;1;0;9;3;1;0;9;4;1;0;100
000325018;3920121719;1;1;1;462
000325018;3920121719;2;1;0;0
000325018;3920121719;4;1;1;0
000325018;3920121719;6;4;0;0
000325018;3920121719;7;1;0;17
000325018;3920121719;9;1;0;0
000325138;3920121719;1;1;1;462
000325138;3920121719;2;1;0;0
000325138;3920121719;3;1;1;55
000325138;3920121719;4;1;1;0
000325138;3920121719;6;4;0;0
000325138;3920121719;9;1;0;0
000325256;3920121719;1;1;1;462
000325259;3920121719;2;1;0;0
000325259;3920121719;4;1;1;0
000325259;3920121719;5;4;0;0
000325259;3920121719;6;4;0;0
000325259;3920121719;9;1;0;0
000325360;3920121719;1;1;1;462
000325360;3920121719;2;1;0;0
000325360;3920121719;3;1;1;55
000325360;3920121719;4;1;1;0
000325360;3920121719;6;4;0;0
000325360;3920121719;9;1;0;0
000325438;3920121719;1;1;1;462
000325438;3920121719;2;1;0;0
000325438;3920121719;4;1;1;0
000325438;3920121719;6;4;0;0
000325438;3920121719;7;1;0;17
000325438;3920121719;9;1;0;0
000325480;4272321920;1;1;2;765;2;1;0;9;3;1;0;9;4;1;0;100
000325558;3920121719;1;1;1;462
000325558;3920121719;2;1;0;0
000325558;3920121719;3;1;1;55
000325558;3920121719;4;1;1;0
000325558;3920121719;6;4;0;0
000325558;3920121719;9;1;0;0
000325658;3920121719;1;1;1;462
000325658;3920121719;2;1;0;0
000325658;3920121719;4;1;1;0
000325658;3920121719;6;4;0;0
000325658;3920121719;8;5;0;0
000325658;3920121719;9;1;0;0
000325758;3920121719;1;1;1;462
000325758;3920121719;2;1;0;0
000325758;3920121719;3;1;1;55
000325758;3920121719;4;1;1;0
000325761;3920121719;6;4;0;0
000325761;3920121719;9;1;0;0
000325878;3920121719;1;1;1;462
000325878;3920121719;2;1;0;0
000325878;3920121719;4;1;1;0
000325878;3920121719;5;4;0;0
000325878;3920121719;6;4;0;0
000325878;3920121719;9;1;0;0
000325968;3920121719;1;1;1;462
000325968;3920121719;2;1;0;0
000325968;3920121719;3;1;1;55
000325968;3920121719;4;1;1;0
000325970;3920121719;6;4;0;0
000325970;3920121719;9;1;0;0
000325998;4272321920;1;1;2;765;2;1;0;9;3;1;0;9;4;1;0;100
000326119;3920121719;1;1;1;462
000326169;3920121719;2;1;0;0
000326183;3920121719;3;1;1;55
000326184;3920121719;4;1;1;0
000326184;3920121719;6;4;0;0
000326184;3920121719;7;1;0;17
000326184;3920121719;9;1;0;0
000326184;3920121719;1;1;1;462
000326359;3920121719;1;1;1;462
000326359;3920121719;2;1;0;0
000326359;3920121719;4;1;1;0
000326359;3920121719;5;4;0;0
000326359;3920121719;6;4;0;0
000326359;3920121719;9;1;0;0
000326464;3920121719;1;1;1;462
000326464;3920121719;2;1;0;0
000326464;3920121719;3;1;1;55
000326464;3920121719;4;1;1;0
000326464;3920121719;6;4;0;0
000326467;3920121719;9;1;0;0
000326519;4272321920;1;1;2;765;2;1;0;9;3;1;0;9;4;1;0;98
000326573;3920121719;1;1;1;462
000326573;3920121719;2;1;0;0
000326573;3920121719;4;1;1;0
000326573;3920121719;6;4;0;0
000326573;3920121719;7;1;0;17
000326573;3920121719;9;1;0;0
000326679;3920121719;1;1;1;462
000326679;3920121719;2;1;0;0
000326679;3920121719;3;1;1;55
000326680;3920121719;4;1;1;0
000326680;3920121719;6;4;0;0
000326680;3920121719;9;1;0;0
000326758;3920121719;1;1;1;462
000326758;3920121719;2;1;0;0
000326758;3920121719;4;1;1;0
000326761;3920121719;6;4;0;0
000326761;3920121719;8;5;0;0
000326761;3920121719;9;1;0;0
000326838;3920121719;1;1;1;462
000326838;3920121719;2;1;0;0
000326838;3920121719;3;1;1;55
000326838;3920121719;4;1;1;0
000326838;3920121719;6;4;0;0
000326838;3920121719;9;1;0;0
000326958;3920121719;1;1;1;462
000326958;3920121719;2;1;0;0
000326958;3920121719;4;1;1;0
000326958;3920121719;5;4;0;0
000326958;3920121719;6;4;0;0
000326958;3920121719;9;1;0;0
000327039;3920121719;1;1;1;462
000327039;3920121719;2;1;0;0
000327043;3920121719;3;1;1;55
000327043;3920121719;4;1;1;0
000327043;3920121719;6;4;0;0
000327043;3920121719;9;1;0;0
000327043;4272321920;1;1;2;765;2;1;0;9;3;1;0;9;4;1;0;98
000327187;3920121719;1;1;1;462
000327187;3920121719;2;1;0;0
000327187;3920121719;4;1;1;0
000327187;3920121719;6;4;0;0
000327187;3920121719;7;1;0;17
000327187;3920121719;9;1;0;0
000327238;3920121719;1;1;1;461
000327238;3920121719;2;1;0;0
000327238;3920121719;3;1;1;55
000327238;3920121719;4;1;1;0
000327238;3920121719;6;4;0;0
000327241;3920121719;9;1;0;0
000327339;3920121719;1;1;1;462
000327339;3920121719;2;1;0;0
000327339;3920121719;4;1;1;0
000327339;3920121719;5;4;0;0
000327339;3920121719;6;4;0;0
000327339;3920121719;9;1;0;0
000327439;3920121719;1;1;1;462
000327440;3920121719;2;1;0;0
000327440;3920121719;3;1;1;55
000327440;3920121719;4;1;1;0
000327440;3920121719;6;4;0;0
000327440;3920121719;9;1;0;0
000327539;3920121719;1;1;1;462
000327539;3920121719;2;1;0;0
000327539;3920121719;4;1;1;0
000327539;3920121719;6;4;0;0
000327539;3920121719;7;1;0;16
000327563;3920121719;9;1;0;0
000327563;4272321920;1;1;2;765;2;1;0;9;3;1;0;9;4;1;0;100
000327664;3920121719;1;1;1;462
000327665;3920121719;2;1;0;0
000327665;3920121719;3;1;1;55
000327665;3920121719;4;1;1;0
000327665;3920121719;6;4;0;0
000327665;3920121719;9;1;0;0
000328079;4272321920;1;1;2;765;2;1;0;9;3;1;0;9;4;1;0;100
000328158;3920121719;1;1;1;462
000328158;3920121719;2;1;0;0
000328158;3920121719;4;1;1;0
000328158;3920121719;6;4;0;0
000328158;3920121719;8;5;0;0
000328158;3920121719;9;1;0;0
000328364;3920121719;1;1;1;462
000328364;3920121719;2;1;0;0
000328364;3920121719;3;1;1;55
000328366;3920121719;4;1;1;0
000328366;3920121719;6;4;0;0
000328366;3920121719;9;1;0;0
000328497;3920121719;1;1;1;462
000328497;3920121719;2;1;0;0
000328497;3920121719;4;1;1;0
000328497;3920121719;5;4;0;0
000328497;3920121719;6;4;0;0
000328497;3920121719;9;1;0;0
000328598;3920121719;1;1;1;462
000328599;3920121719;2;1;0;0
000328599;3920121719;3;1;1;55
000328599;3920121719;4;1;1;0
000328599;3920121719;6;4;0;0
000328599;3920121719;9;1;0;0
000328602;4272321920;1;1;2;765;2;1;0;9;3;1;0;9;4;1;0;100
000328678;3920121719;1;1;1;462
000328678;3920121719;2;1;0;0
000328678;3920121719;4;1;1;0
000328678;3920121719;6;4;0;0
000328678;3920121719;7;1;0;16
000328678;3920121719;9;1;0;0
000328778;3920121719;1;1;1;462
000328778;3920121719;2;1;0;0
000328778;3920121719;3;1;1;55
000328778;3920121719;4;1;1;0
000328778;3920121719;6;4;0;0
000328778;3920121719;9;1;0;0
000328898;3920121719;1;1;1;462
000328898;3920121719;2;1;0;0
000328898;3920121719;4;1;1;0
000328908;3920121719;5;4;0;0
000328908;3920121719;6;4;0;0
000328908;3920121719;9;1;0;0
000328998;3920121719;1;1;1;462
000328998;3920121719;2;1;0;0
000328998;3920121719;3;1;1;55
000328998;3920121719;4;1;1;0
000328998;3920121719;6;4;0;0
000328998;3920121719;9;1;0;0
000329118;4272321920;1;1;2;765;2;1;0;9;3;1;0;9;4;1;0;100
000329118;3920121719;1;1;1;462
000329118;3920121719;2;1;0;0
000329118;3920121719;4;1;1;0
000329118;3920121719;6;4;0;0
000329118;3920121719;7;1;0;16
000329118;3920121719;9;1;0;0
000329214;3920121719;1;1;1;462
000329218;3920121719;2;1;0;0
000329218;3920121719;3;1;1;55
000329218;3920121719;4;1;1;0
000329218;3920121719;6;4;0;0
000329218;3920121719;9;1;0;0
000329337;3920121719;1;1;1;462
000329337;3920121719;2;1;0;0
000329337;3920121719;4;1;1;0
000329337;3920121719;6;4;0;0
000329337;3920121719;8;5;0;0
000329337;3920121719;9;1;0;0
000329398;3920121719;1;1;1;462
000329398;3920121719;2;1;0;0
000329398;3920121719;3;1;1;55
000329398;3920121719;4;1;1;0
000329398;3920121719;6;4;0;0
000329398;3920121719;9;1;0;0
000329498;3920121719;1;1;1;462
000329498;3920121719;2;1;0;0
000329498;3920121719;4;1;1;0
000329498;3920121719;5;4;0;0
000329498;3920121719;6;4;0;0
000329498;3920121719;9;1;0;0
000329598;3920121719;1;1;1;462
000329598;3920121719;2;1;0;0
000329598;3920121719;3;1;1;55
000329598;3920121719;4;1;1;0
000329598;3920121719;6;4;0;0
000329598;3920121719;9;1;0;0
000329638;4272321920;1;1;2;765;2;1;0;9;3;1;0;9;4;1;0;98
000329697;3920121719;1;1;1;462
000329697;3920121719;2;1;0;0
000329697;3920121719;4;1;1;0
000329697;3920121719;6;4;0;0
000329700;3920121719;7;1;0;16
000329700;3920121719;9;1;0;0
000329801;3920121719;1;1;1;462
000329801;3920121719;2;1;0;0
000329801;3920121719;3;1;1;55
000329801;3920121719;4;1;1;0
000329801;3920121719;6;4;0;0
000329801;3920121719;9;1;0;0
000329998;3920121719;1;1;1;462
000329998;3920121719;2;1;0;0
000329998;3920121719;4;1;1;0
000329998;3920121719;5;4;0;0
000329998;3920121719;6;4;0;0
000329998;3920121719;9;1;0;0
000330078;3920121719;1;1;1;462
000330078;3920121719;2;1;0;0
000330078;3920121719;3;1;1;55
000330081;3920121719;4;1;1;0
000330081;3920121719;6;4;0;0
000330081;3920121719;9;1;0;0
000330171;4272321920;1;1;2;765;2;1;0;9;3;1;0;9;4;1;0;100
000330178;3920121719;1;1;1;462
000330178;3920121719;2;1;0;0
000330178;3920121719;4;1;1;0
000330178;3920121719;6;4;0;0
000330178;3920121719;7;1;0;16
000330178;3920121719;9;1;0;0
000330280;3920121719;1;1;1;462
000330280;3920121719;2;1;0;0
000330280;3920121719;3;1;1;55
000330280;3920121719;4;1;1;0
000330280;3920121719;6;4;0;0
000330280;3920121719;9;1;0;0
000330408;3920121719;1;1;1;462
000330408;3920121719;2;1;0;0
000330408;3920121719;4;1;1;0
000330408;3920121719;6;4;0;0
000330408;3920121719;8;5;0;0
000330411;3920121719;9;1;0;0
000330478;3920121719;1;1;1;462
000330478;3920121719;2;1;0;0
000330478;3920121719;3;1;1;55
000330478;3920121719;4;1;1;0
000330478;3920121719;6;4;0;0
000330478;3920121719;9;1;0;0
000330579;3920121719;1;1;1;461
000330579;3920121719;2;1;0;0
000330579;3920121719;4;1;1;0
000330579;3920121719;5;4;0;0
000330579;3920121719;6;4;0;0
000330579;3920121719;9;1;0;0
000330679;4272321920;1;1;2;765;2;1;0;9;3;1;0;9;4;1;0;100
000330679;3920121719;1;1;1;462
000330679;3920121719;2;1;0;0
000330679;3920121719;3;1;1;55
000330679;3920121719;4;1;1;0
000330679;3920121719;6;4;0;0
000330679;3920121719;9;1;0;0
000330778;3920121719;1;1;1;462
000330778;3920121719;2;1;0;0
000330778;3920121719;4;1;1;0
000330778;3920121719;6;4;0;0
000330778;3920121719;7;1;0;16
000330778;3920121719;9;1;0;0
000330897;3920121719;1;1;1;462
000330897;3920121719;2;1;0;0
000330897;3920121719;3;1;1;55
000330900;3920121719;4;1;1;0
000330900;3920121719;6;4;0;0
000330900;3920121719;9;1;0;0
000331003;3920121719;1;1;1;461
000331003;3920121719;2;1;0;0
000331003;3920121719;4;1;1;0
000331004;3920121719;5;4;0;0
000331004;3920121719;6;4;0;0
000331004;3920121719;9;1;0;0
000331198;4272321920;1;1;2;765;2;1;0;9;3;1;0;9;4;1;0;100
000331498;3920121719;1;1;1;461
000331498;3920121719;2;1;0;0
000331498;3920121719;3;1;1;55
000331498;3920121719;4;1;1;0
000331498;3920121719;6;4;0;0
000331498;3920121719;9;1;0;0
000331607;3920121719;1;1;1;461
000331611;3920121719;2;1;0;0
000331611;3920121719;4;1;1;0
000331611;3920121719;6;4;0;0
000331611;3920121719;7;1;0;16
000331611;3920121719;9;1;0;0
000331737;3920121719;1;1;1;461
000331737;3920121719;2;1;0;0
000331737;3920121719;3;1;1;55
000331737;3920121719;4;1;1;0
000331737;3920121719;6;4;0;0
000331737;3920121719;9;1;0;0
000331737;4272321920;1;1;2;765;2;1;0;9;3;1;0;9;4;1;0;100
000331840;3920121719;1;1;1;461
000331840;3920121719;2;1;0;0
000331840;3920121719;4;1;1;0
000331840;3920121719;6;4;0;0
000331843;3920121719;8;5;0;0
000331843;3920121719;9;1;0;0
000332018;3920121719;1;1;1;461
000332018;3920121719;2;1;0;0
000332018;3920121719;3;1;1;55
000332018;3920121719;4;1;1;0
000332018;3920121719;6;4;0;0
000332018;3920121719;9;1;0;0
000332118;3920121719;1;1;1;461
000332118;3920121719;2;1;0;0
000332118;3920121719;4;1;1;0
000332118;3920121719;5;4;0;0
000332118;3920121719;6;4;0;0
000332118;3920121719;9;1;0;0
000332238;4272321920;1;1;2;765;2;1;0;9;3;1;0;9;4;1;0;100
000332238;3920121719;1;1;1;461
000332238;3920121719;2;1;0;0
000332242;3920121719;3;1;1;55
000332242;3920121719;4;1;1;0
000332242;3920121719;6;4;0;0
000332242;3920121719;9;1;0;0
000332339;3920121719;1;1;1;461
000332339;3920121719;2;1;0;0
000332339;3920121719;4;1;1;0
000332339;3920121719;6;4;0;0
000332339;3920121719;7;1;0;16
000332339;3920121719;9;1;0;0
000332455;3920121719;1;1;1;461
000332455;3920121719;2;1;0;0
000332455;3920121719;3;1;1;55
000332455;3920121719;4;1;1;0
000332455;3920121719;6;4;0;0
000332455;3920121719;9;1;0;0
000332577;3920121719;1;1;1;461
000332580;3920121719;2;1;0;0
000332580;3920121719;4;1;1;0
000332580;3920121719;5;4;0;0
000332580;3920121719;6;4;0;0
000332580;3920121719;9;1;0;0
000332638;3920121719;1;1;1;461
000332638;3920121719;2;1;0;0
000332638;3920121719;3;1;1;55
000332638;3920121719;4;1;1;0
000332638;3920121719;6;4;0;0
000332638;3920121719;9;1;0;0
000332758;4272321920;1;1;2;765;2;1;0;9;3;1;0;9;4;1;0;100
000332758;3920121719;1;1;1;461
000332758;3920121719;2;1;0;0
000332758;3920121719;4;1;1;0
000332758;3920121719;6;4;0;0
000332761;3920121719;7;1;0;16
000332761;3920121719;9;1;0;0
000332838;3920121719;1;1;1;461
000332838;3920121719;2;1;0;0
000332838;3920121719;3;1;1;55
000332838;3920121719;4;1;1;0
000332838;3920121719;6;4;0;0
000332838;3920121719;9;1;0;0
000332937;3920121719;1;1;1;461
000332937;3920121719;2;1;0;0
000332937;3920121719;4;1;1;0
000332937;3920121719;6;4;0;0
000332937;3920121719;8;5;0;0
000332937;3920121719;9;1;0;0
000333038;3920121719;1;1;1;461
000333038;3920121719;2;1;0;0
000333039;3920121719;3;1;1;55
000333039;3920121719;4;1;1;0
000333042;3920121719;6;4;0;0
000333042;3920121719;9;1;0;0
000333159;3920121719;1;1;1;461
000333160;3920121719;2;1;0;0
000333160;3920121719;4;1;1;0
000333160;3920121719;5;4;0;0
000333160;3920121719;6;4;0;0
000333160;3920121719;9;1;0;0
000333218;3920121719;1;1;1;461
000333218;3920121719;2;1;0;0
000333218;3920121719;3;1;1;55
000333218;3920121719;4;1;1;0
000333218;3920121719;6;4;0;0
000333218;3920121719;9;1;0;0
000333297;4272321920;1;1;2;765;2;1;0;9;3;1;0;9;4;1;0;98
000333338;3920121719;1;1;1;461
000333341;3920121719;2;1;0;0
000333341;3920121719;4;1;1;0
000333341;3920121719;6;4;0;0
000333341;3920121719;7;1;0;16
000333341;3920121719;9;1;0;0
000333418;3920121719;1;1;1;461
000333418;3920121719;2;1;0;0
000333418;3920121719;3;1;1;55
000333418;3920121719;4;1;1;0
000333418;3920121719;6;4;0;0
000333418;3920121719;9;1;0;0
000333650;3920121719;1;1;1;461
000333650;3920121719;2;1;0;0
000333650;3920121719;4;1;1;0
000333650;3920121719;5;4;0;0
000333650;3920121719;6;4;0;0
000333650;3920121719;9;1;0;0
000333718;3920121719;1;1;1;461
000333722;3920121719;2;1;0;0
000333722;3920121719;3;1;1;55
000333722;3920121719;4;1;1;0
000333722;3920121719;6;4;0;0
000333722;3920121719;9;1;0;0
000333798;4272321920;1;1;2;765;2;1;0;9;3;1;0;9;4;1;0;100
000333819;3920121719;1;1;1;461
000333819;3920121719;2;1;0;0
000333819;3920121719;4;1;1;0
000333819;3920121719;6;4;0;0
000333819;3920121719;7;1;0;16
000333819;3920121719;9;1;0;0
000333938;3920121719;1;1;1;333
000333938;3920121719;2;1;0;0
000333938;3920121719;3;1;1;55
000333938;3920121719;4;1;1;0
000333941;3920121719;6;4;0;0
000333941;3920121719;9;1;0;0
000334005;3920121719;1;1;1;321
000334005;3920121719;2;1;0;0
000334005;3920121719;4;1;1;0
000334005;3920121719;6;4;0;0
000334005;3920121719;8;5;0;0
000334005;3920121719;9;1;0;0
000334147;3920121719;1;1;1;310
000334147;3920121719;2;1;0;0
000334147;3920121719;3;1;1;55
000334147;3920121719;4;1;1;0
000334147;3920121719;6;4;0;0
000334147;3920121719;9;1;0;0
000334199;3920121719;1;1;1;298
000334199;3920121719;2;1;0;0
000334200;3920121719;4;1;1;0
000334204;3920121719;5;4;0;0
000334204;3920121719;6;4;0;0
000334204;3920121719;9;1;0;0
000334318;4272321920;1;1;2;765;2;1;0;9;3;1;0;9;4;1;0;98
000334318;3920121719;1;1;1;286
000334318;3920121719;2;1;0;0
000334318;3920121719;3;1;1;55
000334318;3920121719;4;1;1;0
000334318;3920121719;6;4;0;0
000334318;3920121719;9;1;0;0
000334623;3920121719;1;1;1;286
000334623;3920121719;2;1;0;0
000334623;3920121719;4;1;1;0
000334623;3920121719;6;4;0;0
000334623;3920121719;7;1;0;16
000334623;3920121719;9;1;0;0
000334722;3920121719;1;1;1;286
000334725;3920121719;2;1;0;0
000334725;3920121719;3;1;1;55
000334725;3920121719;4;1;1;0
000334725;3920121719;6;4;0;0
000334725;3920121719;9;1;0;0
000334839;4272321920;1;1;2;765;2;1;0;9;3;1;0;9;4;1;0;100
000334840;3920121719;1;1;1;286
000334840;3920121719;2;1;0;0
000334840;3920121719;4;1;1;0
000334840;3920121719;5;4;0;0
000334840;3920121719;6;4;0;0
000334840;3920121719;9;1;0;0
000334918;3920121719;1;1;1;286
000334918;3920121719;2;1;0;0
000334918;3920121719;3;1;1;55
000334918;3920121719;4;1;1;0
000334921;3920121719;6;4;0;0
000334921;3920121719;9;1;0;0
000335019;3920121719;1;1;1;286
000335019;3920121719;2;1;0;0
000335019;3920121719;4;1;1;0
000335019;3920121719;6;4;0;0
000335019;3920121719;7;1;0;16
000335019;3920121719;9;1;0;0
000335138;3920121719;1;1;1;286
000335138;3920121719;2;1;0;0
000335138;3920121719;3;1;1;55
000335138;3920121719;4;1;1;0
000335138;3920121719;6;4;0;0
000335138;3920121719;9;1;0;0
000335238;3920121719;1;1;1;286
000335238;3920121719;2;1;0;0
000335238;3920121719;4;1;1;0
000335238;3920121719;6;4;0;0
000335241;3920121719;8;5;0;0
000335241;3920121719;9;1;0;0
000335358;4272321920;1;1;2;765;2;1;0;9;3;1;0;9;4;1;0;98
000335879;4272321920;1;1;2;765;2;1;0;9;3;1;0;9;4;1;0;100
000336399;4272321920;1;1;2;765;2;1;0;9;3;1;0;9;4;1;0;100
000336919;4272321920;1;1;2;765;2;1;0;9;3;1;0;9;4;1;0;100
000337439;4272321920;1;1;2;765;2;1;0;9;3;1;0;9;4;1;0;100
000337959;4272321920;1;1;2;765;2;1;0;9;3;1;0;9;4;1;0;100
000338478;4272321920;1;1;2;765;2;1;0;9;3;1;0;9;4;1;0;100
000338999;4272321920;1;1;2;765;2;1;0;9;3;1;0;9;4;1;0;100
000339518;4272321920;1;1;2;765;2;1;0;9;3;1;0;9;4;1;0;100
000340038;4272321920;1;1;2;765;2;1;0;9;3;1;0;9;4;1;0;100
000340558;4272321920;1;1;2;765;2;1;0;9;3;1;0;9;4;1;0;100
000341096;4272321920;1;1;2;765;2;1;0;9;3;1;0;9;4;1;0;100
000341599;4272321920;1;1;2;765;2;1;0;9;3;1;0;9;4;1;0;100
000342118;4272321920;1;1;2;765;2;1;0;9;3;1;0;9;4;1;0;100
000342651;4272321920;1;1;2;765;2;1;0;9;3;1;0;9;4;1;0;100
000343158;4272321920;1;1;2;765;2;1;0;9;3;1;0;9;4;1;0;100
000343678;4272321920;1;1;2;765;2;1;0;9;3;1;0;9;4;1;0;100
000344210;4272321920;1;1;2;765;2;1;0;9;3;1;0;9;4;1;0;100
000344718;4272321920;1;1;2;765;2;1;0;9;3;1;0;9;4;1;0;100
000345238;4272321920;1;1;2;765;2;1;0;9;3;1;0;9;4;1;0;100
000345768;4272321920;1;1;2;765;2;1;0;9;3;1;0;9;4;1;0;100
000346278;4272321920;1;1;2;765;2;1;0;9;3;1;0;9;4;1;0;100
000346798;4272321920;1;1;2;765;2;1;0;9;3;1;0;9;4;1;0;100
000347318;4272321920;1;1;2;765;2;1;0;9;3;1;0;9;4;1;0;100
000347838;4272321920;1;1;2;765;2;1;0;9;3;1;0;9;4;1;0;100
