# Goblin 700
000000000;4291420554;0;Tx; 
000000000;4272321920;0;Rx; 
000000000;4272321920;1;U Rx;V
000000000;4272321920;2;A1; 
000000000;4272321920;3;A2; 
000000000;4272321920;4;Q;%
000000000;3920121719;0;MEZON 130; 
000000000;3920121719;1;U Battery;V
000000000;3920121719;2;I Battery;A
000000000;3920121719;3;U BEC;V
000000000;3920121719;4;I BEC;A
000000000;3920121719;5;Capacity;mAh
000000000;3920121719;6;Revolution;RPM
000000000;3920121719;7;Temp.;°C
000000000;3920121719;8;Run Time;s
000000000;3920121719;9;PWM;%
001009713;3920121719;1;1;1;229
001009713;3920121719;2;1;0;0
001009713;3920121719;3;1;1;55
001009713;3920121719;4;1;1;0
001009715;3920121719;5;4;0;0
001009715;3920121719;6;4;0;0
001009715;3920121719;7;1;0;21
001009715;3920121719;8;5;0;0
001009715;3920121719;9;1;0;0
001009799;3920121719;1;1;1;229
001009799;3920121719;2;1;0;0
001009799;3920121719;3;1;1;55
001009799;3920121719;4;1;1;0
001009799;3920121719;6;4;0;0
001009799;3920121719;9;1;0;0
001009839;4272321920;1;1;2;766;2;1;0;9;3;1;0;9;4;1;0;100
001009904;3920121719;1;1;1;229
001009909;3920121719;2;1;0;0
001009910;3920121719;4;1;1;0
001009910;3920121719;5;4;0;0
001009910;3920121719;6;4;0;0
001009910;3920121719;9;1;0;0
001010031;3920121719;1;1;1;229
001010031;3920121719;2;1;0;0
001010031;3920121719;3;1;1;55
001010031;3920121719;4;1;1;0
001010032;3920121719;6;4;0;0
001010032;3920121719;9;1;0;0
001010141;3920121719;1;1;1;229
001010141;3920121719;2;1;0;0
001010141;3920121719;4;1;1;0
001010141;3920121719;6;4;0;0
001010141;3920121719;7;1;0;21
001010141;3920121719;9;1;0;0
001010199;3920121719;1;1;1;229
001010199;3920121719;2;1;0;0
001010199;3920121719;3;1;1;55
001010199;3920121719;4;1;1;0
001010199;3920121719;6;4;0;0
001010199;3920121719;9;1;0;0
001010319;3920121719;1;1;1;229
001010319;3920121719;2;1;0;0
001010319;3920121719;4;1;1;0
001010319;3920121719;5;4;0;0
001010319;3920121719;6;4;0;0
001010319;3920121719;9;1;0;0
001010391;4272321920;1;1;2;766;2;1;0;9;3;1;0;9;4;1;0;96
001010391;3920121719;1;1;1;229
001010391;3920121719;2;1;0;0
001010391;3920121719;3;1;1;55
001010391;3920121719;4;1;1;0
001010394;3920121719;6;4;0;0
001010394;3920121719;9;1;0;0
001010502;3920121719;1;1;1;229
001010503;3920121719;2;1;0;0
001010503;3920121719;4;1;1;0
001010503;3920121719;6;4;0;0
001010503;3920121719;7;1;0;21
001010503;3920121719;9;1;0;0
001010620;3920121719;1;1;1;229
001010620;3920121719;2;1;0;0
001010620;3920121719;3;1;1;55
001010620;3920121719;4;1;1;0
001010621;3920121719;6;4;0;0
001010621;3920121719;9;1;0;0
001010879;4272321920;1;1;2;766;2;1;0;9;3;1;0;9;4;1;0;96
001011179;3920121719;1;1;1;229
001011182;3920121719;2;1;0;0
001011182;3920121719;4;1;1;0
001011182;3920121719;6;4;0;0
001011182;3920121719;8;5;0;0
001011182;3920121719;9;1;0;0
001011379;3920121719;1;1;1;229
001011379;3920121719;2;1;0;0
001011379;3920121719;3;1;1;55
001011379;3920121719;4;1;1;0
001011379;3920121719;6;4;0;0
001011381;3920121719;9;1;0;0
001011399;4272321920;1;1;2;766;2;1;0;9;3;1;0;9;4;1;0;96
001011499;3920121719;1;1;1;229
001011499;3920121719;2;1;0;0
001011499;3920121719;4;1;1;0
001011499;3920121719;5;4;0;0
001011499;3920121719;6;4;0;0
001011502;3920121719;9;1;0;0
001011591;3920121719;1;1;1;229
001011591;3920121719;2;1;0;0
001011591;3920121719;3;1;1;55
001011591;3920121719;4;1;1;0
001011591;3920121719;6;4;0;0
001011591;3920121719;9;1;0;0
001011707;3920121719;1;1;1;229
001011707;3920121719;2;1;0;0
001011707;3920121719;4;1;1;0
001011707;3920121719;6;4;0;0
001011707;3920121719;7;1;0;21
001011707;3920121719;9;1;0;0
001011820;3920121719;1;1;1;229
001011821;3920121719;2;1;0;0
001011821;3920121719;3;1;1;55
001011821;3920121719;4;1;1;0
001011824;3920121719;6;4;0;0
001011824;3920121719;9;1;0;0
001011899;3920121719;1;1;1;229
001011899;3920121719;2;1;0;0
001011899;3920121719;4;1;1;0
001011899;3920121719;5;4;0;0
001011899;3920121719;6;4;0;0
001011899;3920121719;9;1;0;0
001011949;4272321920;1;1;2;766;2;1;0;9;3;1;0;9;4;1;0;98
001012019;3920121719;1;1;1;229
001012019;3920121719;2;1;0;0
001012019;3920121719;3;1;1;55
001012019;3920121719;4;1;1;0
001012019;3920121719;6;4;0;0
001012019;3920121719;9;1;0;0
001012119;3920121719;1;1;1;229
001012123;3920121719;2;1;0;0
001012123;3920121719;4;1;1;0
001012123;3920121719;6;4;0;0
001012123;3920121719;7;1;0;21
001012123;3920121719;9;1;0;0
001012219;3920121719;1;1;1;229
001012219;3920121719;2;1;0;0
001012219;3920121719;3;1;1;55
001012219;3920121719;4;1;1;0
001012219;3920121719;6;4;0;0
001012220;3920121719;9;1;0;0
001012339;3920121719;1;1;1;229
001012339;3920121719;2;1;0;0
001012339;3920121719;4;1;1;0
001012339;3920121719;6;4;0;0
001012339;3920121719;8;5;0;0
001012339;3920121719;9;1;0;0
001012431;3920121719;1;1;1;229
001012434;3920121719;2;1;0;0
001012434;3920121719;3;1;1;55
001012434;3920121719;4;1;1;0
001012434;3920121719;6;4;0;0
001012434;3920121719;9;1;0;0
001012439;4272321920;1;1;2;766;2;1;0;9;3;1;0;9;4;1;0;98
001012541;3920121719;1;1;1;229
001012541;3920121719;2;1;0;0
001012541;3920121719;4;1;1;0
001012541;3920121719;5;4;0;0
001012541;3920121719;6;4;0;0
001012541;3920121719;9;1;0;0
001012661;3920121719;1;1;1;229
001012661;3920121719;2;1;0;0
001012661;3920121719;3;1;1;55
001012661;3920121719;4;1;1;0
001012664;3920121719;6;4;0;0
001012664;3920121719;9;1;0;0
001012791;3920121719;1;1;1;229
001012791;3920121719;2;1;0;0
001012791;3920121719;4;1;1;0
001012791;3920121719;6;4;0;0
001012792;3920121719;7;1;0;21
001012792;3920121719;9;1;0;0
001012859;3920121719;1;1;1;229
001012859;3920121719;2;1;0;0
001012859;3920121719;3;1;1;55
001012859;3920121719;4;1;1;0
001012859;3920121719;6;4;0;0
001012859;3920121719;9;1;0;0
001012959;4272321920;1;1;2;766;2;1;0;9;3;1;0;9;4;1;0;100
001013059;3920121719;1;1;1;229
001013059;3920121719;2;1;0;0
001013062;3920121719;4;1;1;0
001013062;3920121719;5;4;0;0
001013062;3920121719;6;4;0;0
001013062;3920121719;9;1;0;0
001013179;3920121719;1;1;1;229
001013179;3920121719;2;1;0;0
001013179;3920121719;3;1;1;55
001013179;3920121719;4;1;1;0
001013179;3920121719;6;4;0;0
001013179;3920121719;9;1;0;0
001013271;3920121719;1;1;1;229
001013271;3920121719;2;1;0;0
001013272;3920121719;4;1;1;0
001013272;3920121719;6;4;0;0
001013272;3920121719;7;1;0;21
001013272;3920121719;9;1;0;0
001013399;3920121719;1;1;1;229
001013402;3920121719;2;1;0;0
001013402;3920121719;3;1;1;55
001013402;3920121719;4;1;1;0
001013402;3920121719;6;4;0;0
001013402;3920121719;9;1;0;0
001013500;4272321920;1;1;2;766;2;1;0;9;3;1;0;9;4;1;0;96
001013500;3920121719;1;1;1;229
001013500;3920121719;2;1;0;0
001013500;3920121719;4;1;1;0
001013500;3920121719;6;4;0;0
001013500;3920121719;8;5;0;0
001013500;3920121719;9;1;0;0
001013579;3920121719;1;1;1;229
001013579;3920121719;2;1;0;0
001013579;3920121719;3;1;1;55
001013579;3920121719;4;1;1;0
001013579;3920121719;6;4;0;0
001013596;3920121719;9;1;0;0
001013679;3920121719;1;1;1;229
001013679;3920121719;2;1;0;0
001013679;3920121719;4;1;1;0
001013679;3920121719;5;4;0;0
001013679;3920121719;6;4;0;0
001013679;3920121719;9;1;0;0
001013779;3920121719;1;1;1;229
001013779;3920121719;2;1;0;0
001013779;3920121719;3;1;1;55
001013779;3920121719;4;1;1;0
001013779;3920121719;6;4;0;0
001013779;3920121719;9;1;0;0
001013879;3920121719;1;1;1;229
001013879;3920121719;2;1;0;0
001013879;3920121719;4;1;1;0
001013879;3920121719;6;4;0;0
001013883;3920121719;7;1;0;21
001013883;3920121719;9;1;0;0
001013991;3920121719;1;1;1;229
001013991;3920121719;2;1;0;0
001013991;3920121719;3;1;1;55
001013991;3920121719;4;1;1;0
001013991;3920121719;6;4;0;0
001013991;3920121719;9;1;0;0
001013999;4272321920;1;1;2;766;2;1;0;9;3;1;0;9;4;1;0;98
001014519;4272321920;1;1;2;766;2;1;0;9;3;1;0;9;4;1;0;96
001014519;3920121719;1;1;1;229
001014519;3920121719;2;1;0;0
001014519;3920121719;4;1;1;0
001014519;3920121719;5;4;0;0
001014520;3920121719;6;4;0;0
001014520;3920121719;9;1;0;0
001014619;3920121719;1;1;1;229
001014619;3920121719;2;1;0;0
001014619;3920121719;3;1;1;55
001014619;3920121719;4;1;1;0
001014619;3920121719;6;4;0;0
001014621;3920121719;9;1;0;0
001014719;3920121719;1;1;1;229
001014719;3920121719;2;1;0;0
001014719;3920121719;4;1;1;0
001014719;3920121719;6;4;0;0
001014719;3920121719;7;1;0;21
001014719;3920121719;9;1;0;0
001014831;3920121719;1;1;1;229
001014831;3920121719;2;1;0;0
001014831;3920121719;3;1;1;55
001014831;3920121719;4;1;1;0
001014831;3920121719;6;4;0;0
001014834;3920121719;9;1;0;0
001014944;3920121719;1;1;1;229
001014944;3920121719;2;1;0;0
001014944;3920121719;4;1;1;0
001014944;3920121719;6;4;0;0
001014944;3920121719;8;5;0;0
001014945;3920121719;9;1;0;0
001015060;4272321920;1;1;2;766;2;1;0;9;3;1;0;9;4;1;0;100
001015139;3920121719;1;1;1;229
001015139;3920121719;2;1;0;0
001015139;3920121719;3;1;1;55
001015139;3920121719;4;1;1;0
001015139;3920121719;6;4;0;0
001015140;3920121719;9;1;0;0
001015239;3920121719;1;1;1;229
001015239;3920121719;2;1;0;0
001015242;3920121719;4;1;1;0
001015242;3920121719;5;4;0;0
001015242;3920121719;6;4;0;0
001015242;3920121719;9;1;0;0
001015339;3920121719;1;1;1;229
001015339;3920121719;2;1;0;0
001015339;3920121719;3;1;1;55
001015339;3920121719;4;1;1;0
001015339;3920121719;6;4;0;0
001015339;3920121719;9;1;0;0
001015459;3920121719;1;1;1;229
001015459;3920121719;2;1;0;0
001015459;3920121719;4;1;1;0
001015459;3920121719;6;4;0;0
001015460;3920121719;7;1;0;21
001015460;3920121719;9;1;0;0
001015559;4272321920;1;1;2;766;2;1;0;9;3;1;0;9;4;1;0;98
001015562;3920121719;1;1;1;229
001015562;3920121719;2;1;0;0
001015562;3920121719;3;1;1;55
001015562;3920121719;4;1;1;0
001015562;3920121719;6;4;0;0
001015562;3920121719;9;1;0;0
001015671;3920121719;1;1;1;229
001015671;3920121719;2;1;0;0
001015671;3920121719;4;1;1;0
001015671;3920121719;5;4;0;0
001015671;3920121719;6;4;0;0
001015672;3920121719;9;1;0;0
001015781;3920121719;1;1;1;229
001015781;3920121719;2;1;0;0
001015781;3920121719;3;1;1;55
001015781;3920121719;4;1;1;0
001015781;3920121719;6;4;0;0
001015784;3920121719;9;1;0;0
001015900;3920121719;1;1;1;229
001015900;3920121719;2;1;0;0
001015900;3920121719;4;1;1;0
001015901;3920121719;6;4;0;0
001015901;3920121719;7;1;0;21
001015901;3920121719;9;1;0;0
001015979;3920121719;1;1;1;229
001015979;3920121719;2;1;0;0
001015979;3920121719;3;1;1;55
001015979;3920121719;4;1;1;0
001015979;3920121719;6;4;0;0
001015979;3920121719;9;1;0;0
001016079;4272321920;1;1;2;766;2;1;0;9;3;1;0;9;4;1;0;100
001016099;3920121719;1;1;1;229
001016099;3920121719;2;1;0;0
001016099;3920121719;4;1;1;0
001016103;3920121719;6;4;0;0
001016105;3920121719;8;5;0;0
001016105;3920121719;9;1;0;0
001016199;3920121719;1;1;1;229
001016199;3920121719;2;1;0;0
001016199;3920121719;3;1;1;55
001016199;3920121719;4;1;1;0
001016199;3920121719;6;4;0;0
001016200;3920121719;9;1;0;0
001016299;3920121719;1;1;1;229
001016299;3920121719;2;1;0;0
001016299;3920121719;4;1;1;0
001016299;3920121719;5;4;0;0
001016299;3920121719;6;4;0;0
001016299;3920121719;9;1;0;0
001016390;3920121719;1;1;1;229
001016390;3920121719;2;1;0;0
001016393;3920121719;3;1;1;55
001016393;3920121719;4;1;1;0
001016393;3920121719;6;4;0;0
001016393;3920121719;9;1;0;0
001016511;3920121719;1;1;1;229
001016511;3920121719;2;1;0;0
001016512;3920121719;4;1;1;0
001016512;3920121719;6;4;0;0
001016512;3920121719;7;1;0;21
001016512;3920121719;9;1;0;0
001016579;3920121719;1;1;1;229
001016579;3920121719;2;1;0;0
001016579;3920121719;3;1;1;55
001016579;3920121719;4;1;1;0
001016579;3920121719;6;4;0;0
001016579;3920121719;9;1;0;0
001016621;4272321920;1;1;2;766;2;1;0;9;3;1;0;9;4;1;0;98
001016799;3920121719;1;1;1;229
001016799;3920121719;2;1;0;0
001016799;3920121719;4;1;1;0
001016799;3920121719;5;4;0;0
001016799;3920121719;6;4;0;0
001016800;3920121719;9;1;0;0
001016871;3920121719;1;1;1;229
001016871;3920121719;2;1;0;0
001016871;3920121719;3;1;1;55
001016871;3920121719;4;1;1;0
001016872;3920121719;6;4;0;0
001016872;3920121719;9;1;0;0
001016981;3920121719;1;1;1;229
001016981;3920121719;2;1;0;0
001016981;3920121719;4;1;1;0
001016982;3920121719;6;4;0;0
001016982;3920121719;7;1;0;21
001016985;3920121719;9;1;0;0
001017101;3920121719;1;1;1;229
001017101;3920121719;2;1;0;0
001017101;3920121719;3;1;1;55
001017101;3920121719;4;1;1;0
001017101;3920121719;6;4;0;0
001017101;3920121719;9;1;0;0
001017119;4272321920;1;1;2;766;2;1;0;9;3;1;0;9;4;1;0;98
001017179;3920121719;1;1;1;229
001017179;3920121719;2;1;0;0
001017179;3920121719;4;1;1;0
001017179;3920121719;6;4;0;0
001017179;3920121719;8;5;0;0
001017179;3920121719;9;1;0;0
001017279;3920121719;1;1;1;229
001017279;3920121719;2;1;0;0
001017282;3920121719;3;1;1;55
001017282;3920121719;4;1;1;0
001017282;3920121719;6;4;0;0
001017282;3920121719;9;1;0;0
001017639;4272321920;1;1;2;766;2;1;0;9;3;1;0;9;4;1;0;96
001017859;3920121719;1;1;1;229
001017859;3920121719;2;1;0;0
001017859;3920121719;4;1;1;0
001017861;3920121719;5;4;0;0
001017861;3920121719;6;4;0;0
001017861;3920121719;9;1;0;0
001017959;3920121719;1;1;1;229
001017959;3920121719;2;1;0;0
001017959;3920121719;3;1;1;55
001017959;3920121719;4;1;1;0
001017959;3920121719;6;4;0;0
001017959;3920121719;9;1;0;0
001018071;3920121719;1;1;1;229
001018071;3920121719;2;1;0;0
001018071;3920121719;4;1;1;0
001018071;3920121719;6;4;0;0
001018071;3920121719;7;1;0;21
001018071;3920121719;9;1;0;0
001018182;4272321920;1;1;2;766;2;1;0;9;3;1;0;9;4;1;0;100
001018183;3920121719;1;1;1;229
001018183;3920121719;2;1;0;0
001018183;3920121719;3;1;1;55
001018183;3920121719;4;1;1;0
001018183;3920121719;6;4;0;0
001018183;3920121719;9;1;0;0
001018301;3920121719;1;1;1;229
001018301;3920121719;2;1;0;0
001018301;3920121719;4;1;1;0
001018304;3920121719;5;4;0;0
001018304;3920121719;6;4;0;0
001018304;3920121719;9;1;0;0
001018379;3920121719;1;1;1;229
001018379;3920121719;2;1;0;0
001018379;3920121719;3;1;1;55
001018379;3920121719;4;1;1;0
001018379;3920121719;6;4;0;0
001018379;3920121719;9;1;0;0
001018479;3920121719;1;1;1;229
001018479;3920121719;2;1;0;0
001018479;3920121719;4;1;1;0
001018479;3920121719;6;4;0;0
001018479;3920121719;7;1;0;21
001018479;3920121719;9;1;0;0
001018579;3920121719;1;1;1;229
001018579;3920121719;2;1;0;0
001018579;3920121719;3;1;1;55
001018582;3920121719;4;1;1;0
001018582;3920121719;6;4;0;0
001018582;3920121719;9;1;0;0
001018679;4272321920;1;1;2;766;2;1;0;9;3;1;0;9;4;1;0;100
001018679;3920121719;1;1;1;229
001018679;3920121719;2;1;0;0
001018679;3920121719;4;1;1;0
001018679;3920121719;6;4;0;0
001018679;3920121719;8;5;0;0
001018680;3920121719;9;1;0;0
001018911;3920121719;1;1;1;229
001018911;3920121719;2;1;0;0
001018911;3920121719;3;1;1;55
001018911;3920121719;4;1;1;0
001018911;3920121719;6;4;0;0
001018912;3920121719;9;1;0;0
001018979;3920121719;1;1;1;229
001018979;3920121719;2;1;0;0
001018979;3920121719;4;1;1;0
001018979;3920121719;5;4;0;0
001018979;3920121719;6;4;0;0
001018979;3920121719;9;1;0;0
