# Flame Wheel
000000000;4291420554;0;Tx; 
000000000;4272321504;0;Rx; 
000000000;4272321504;1;U Rx;V
000000000;4272321504;2;A1; 
000000000;4272321504;3;A2; 
000000000;4272321504;4;Q;%
000000000;4309320782;0;MUI-50; 
000000000;4309320782;1;Voltage;V
000000000;4309320782;2;Current;A
000000000;4309320782;3;Capacity;mAh
000000000;4309320782;4;Run time;s
000110578;4309320782;1;1;1;114
000110578;4309320782;2;1;1;10
000110578;4309320782;3;4;0;32
000110578;4309320782;4;5;0;45
000110620;4309320782;1;1;1;114
000110620;4309320782;2;1;1;10
000110773;4309320782;3;4;0;32
000110773;4309320782;4;5;0;46
000110867;4309320782;1;1;1;114
000110867;4309320782;2;1;1;9
000110867;4309320782;3;4;0;32
000110867;4309320782;4;5;0;46
000110880;4272321504;1;1;2;471;2;1;0;9;3;1;0;9;4;1;0;100
000111159;4309320782;1;1;1;114
000111159;4309320782;2;1;1;9
000111159;4309320782;3;4;0;32
000111159;4309320782;4;5;0;46
000111379;4272321504;1;1;2;471;2;1;0;9;3;1;0;9;4;1;0;100
000111379;4309320782;1;1;1;114
000111379;4309320782;2;1;1;9
000111379;4309320782;3;4;0;32
000111521;4309320782;4;5;0;46
000111587;4309320782;1;1;1;114
000111587;4309320782;2;1;1;9
000111587;4309320782;3;4;0;32
000111587;4309320782;4;5;0;46
000111820;4309320782;1;1;1;114
000111820;4309320782;2;1;1;9
000111820;4309320782;3;4;0;32
000111820;4309320782;4;5;0;46
000111899;4272321504;1;1;2;471;2;1;0;9;3;1;0;9;4;1;0;100
000112019;4309320782;1;1;1;114
000112019;4309320782;2;1;1;9
000112019;4309320782;3;4;0;32
000112019;4309320782;4;5;0;46
000112220;4309320782;1;1;1;114
000112220;4309320782;2;1;1;9
000112341;4309320782;3;4;0;32
000112341;4309320782;4;5;0;46
000112435;4309320782;1;1;1;114
000112435;4309320782;2;1;1;9
000112435;4309320782;3;4;0;33
000112435;4309320782;4;5;0;46
000112435;4272321504;1;1;2;471;2;1;0;9;3;1;0;9;4;1;0;96
000112660;4309320782;1;1;1;114
000112660;4309320782;2;1;1;10
000112660;4309320782;3;4;0;33
000112660;4309320782;4;5;0;46
000112911;4309320782;1;1;1;114
000112911;4309320782;2;1;1;9
000112911;4309320782;3;4;0;33
000112911;4309320782;4;5;0;46
000112939;4272321504;1;1;2;471;2;1;0;9;3;1;0;9;4;1;0;100
000113090;4309320782;1;1;1;114
000113090;4309320782;2;1;1;9
000113090;4309320782;3;4;0;33
000113090;4309320782;4;5;0;46
000113299;4309320782;1;1;1;114
000113299;4309320782;2;1;1;10
000113299;4309320782;3;4;0;33
000113299;4309320782;4;5;0;46
000113459;4272321504;1;1;2;471;2;1;0;9;3;1;0;9;4;1;0;100
000113519;4309320782;1;1;1;114
000113519;4309320782;2;1;1;9
000113519;4309320782;3;4;0;33
000113519;4309320782;4;5;0;47
000113745;4309320782;1;1;1;114
000113745;4309320782;2;1;1;9
000113745;4309320782;3;4;0;33
000113863;4309320782;4;5;0;47
000113939;4309320782;1;1;1;114
000113939;4309320782;2;1;1;9
000113939;4309320782;3;4;0;33
000113939;4309320782;4;5;0;47
000113989;4272321504;1;1;2;471;2;1;0;9;3;1;0;9;4;1;0;98
000114139;4309320782;1;1;1;114
000114139;4309320782;2;1;1;9
000114139;4309320782;3;4;0;33
000114139;4309320782;4;5;0;47
000114359;4309320782;1;1;1;114
000114359;4309320782;2;1;1;9
000114359;4309320782;3;4;0;33
000114359;4309320782;4;5;0;47
000114499;4272321504;1;1;2;471;2;1;0;9;3;1;0;9;4;1;0;100
000114610;4309320782;1;1;1;114
000114610;4309320782;2;1;1;9
000114611;4309320782;3;4;0;33
000114611;4309320782;4;5;0;47
000114779;4309320782;1;1;1;114
000114779;4309320782;2;1;1;9
000114779;4309320782;3;4;0;33
000114779;4309320782;4;5;0;47
000114999;4309320782;1;1;1;114
000114999;4309320782;2;1;1;9
000114999;4309320782;3;4;0;33
000114999;4309320782;4;5;0;47
000115019;4272321504;1;1;2;471;2;1;0;9;3;1;0;9;4;1;0;100
000115199;4309320782;1;1;1;114
000115199;4309320782;2;1;1;9
000115199;4309320782;3;4;0;33
000115320;4309320782;4;5;0;47
000115420;4309320782;1;1;1;114
000115420;4309320782;2;1;1;9
000115420;4309320782;3;4;0;33
000115420;4309320782;4;5;0;47
000115540;4272321504;1;1;2;471;2;1;0;9;3;1;0;9;4;1;0;100
000115619;4309320782;1;1;1;114
000115619;4309320782;2;1;1;9
000115619;4309320782;3;4;0;33
000115619;4309320782;4;5;0;47
000115839;4309320782;1;1;1;114
000115839;4309320782;2;1;1;9
000115839;4309320782;3;4;0;33
000115839;4309320782;4;5;0;47
000116059;4272321504;1;1;2;471;2;1;0;9;3;1;0;9;4;1;0;100
000116169;4309320782;1;1;1;114
000116169;4309320782;2;1;1;10
000116169;4309320782;3;4;0;34
000116169;4309320782;4;5;0;47
000116279;4309320782;1;1;1;114
000116279;4309320782;2;1;1;9
000116279;4309320782;3;4;0;34
000116279;4309320782;4;5;0;47
000116511;4309320782;1;1;1;114
000116511;4309320782;2;1;1;9
000116511;4309320782;3;4;0;34
000116511;4309320782;4;5;0;47
000116579;4272321504;1;1;2;471;2;1;0;9;3;1;0;9;4;1;0;100
000116740;4309320782;1;1;1;114
000116740;4309320782;2;1;1;9
000116740;4309320782;3;4;0;34
000116740;4309320782;4;5;0;47
000116919;4309320782;1;1;1;114
000116919;4309320782;2;1;1;9
000116919;4309320782;3;4;0;34
000116919;4309320782;4;5;0;47
000117100;4272321504;1;1;2;471;2;1;0;9;3;1;0;9;4;1;0;100
000117139;4309320782;1;1;1;114
000117139;4309320782;2;1;1;9
000117139;4309320782;3;4;0;34
000117139;4309320782;4;5;0;47
000117351;4309320782;1;1;1;114
000117351;4309320782;2;1;1;9
000117351;4309320782;3;4;0;34
000117351;4309320782;4;5;0;47
000117581;4309320782;1;1;1;114
000117581;4309320782;2;1;1;9
000117581;4309320782;3;4;0;34
000117586;4309320782;4;5;0;47
000117619;4272321504;1;1;2;470;2;1;0;9;3;1;0;9;4;1;0;100
000117759;4309320782;1;1;1;114
000117759;4309320782;2;1;1;9
000117759;4309320782;3;4;0;34
000117759;4309320782;4;5;0;47
000117979;4309320782;1;1;1;114
000117979;4309320782;2;1;1;9
000117979;4309320782;3;4;0;34
000117979;4309320782;4;5;0;47
000118140;4272321504;1;1;2;471;2;1;0;9;3;1;0;9;4;1;0;100
000118187;4309320782;1;1;1;114
000118187;4309320782;2;1;1;9
000118187;4309320782;3;4;0;34
000118187;4309320782;4;5;0;47
000118428;4309320782;1;1;1;114
000118428;4309320782;2;1;1;9
000118428;4309320782;3;4;0;34
000118428;4309320782;4;5;0;47
000118619;4309320782;1;1;1;114
000118619;4309320782;2;1;1;9
000118619;4309320782;3;4;0;34
000118619;4309320782;4;5;0;47
000118660;4272321504;1;1;2;471;2;1;0;9;3;1;0;9;4;1;0;100
000118819;4309320782;1;1;1;114
000118819;4309320782;2;1;1;10
000118819;4309320782;3;4;0;34
000118819;4309320782;4;5;0;47
000119039;4309320782;1;1;1;114
000119039;4309320782;2;1;1;10
000119039;4309320782;3;4;0;34
000119042;4309320782;4;5;0;47
000119179;4272321504;1;1;2;469;2;1;0;9;3;1;0;9;4;1;0;100
000119270;4309320782;1;1;1;114
000119270;4309320782;2;1;1;10
000119271;4309320782;3;4;0;34
000119271;4309320782;4;5;0;48
000119459;4309320782;1;1;1;114
000119459;4309320782;2;1;1;11
000119459;4309320782;3;4;0;35
000119459;4309320782;4;5;0;48
000119699;4272321504;1;1;2;470;2;1;0;9;3;1;0;9;4;1;0;100
000119699;4309320782;1;1;1;114
000119699;4309320782;2;1;1;11
000119699;4309320782;3;4;0;35
000119699;4309320782;4;5;0;48
000119900;4309320782;1;1;1;114
000119900;4309320782;2;1;1;9
000119900;4309320782;3;4;0;35
000119900;4309320782;4;5;0;48
000120110;4309320782;1;1;1;114
000120111;4309320782;2;1;1;10
000120111;4309320782;3;4;0;35
000120111;4309320782;4;5;0;48
000120223;4272321504;1;1;2;469;2;1;0;9;3;1;0;9;4;1;0;100
000120340;4309320782;1;1;1;114
000120340;4309320782;2;1;1;10
000120340;4309320782;3;4;0;35
000120340;4309320782;4;5;0;48
000120539;4309320782;1;1;1;114
000120539;4309320782;2;1;1;9
000120539;4309320782;3;4;0;35
000120542;4309320782;4;5;0;48
000120739;4272321504;1;1;2;471;2;1;0;9;3;1;0;9;4;1;0;100
000120759;4309320782;1;1;1;114
000120759;4309320782;2;1;1;9
000120759;4309320782;3;4;0;35
000120759;4309320782;4;5;0;48
000120959;4309320782;1;1;1;114
000120959;4309320782;2;1;1;10
000120959;4309320782;3;4;0;35
000120959;4309320782;4;5;0;48
000121180;4309320782;1;1;1;114
000121180;4309320782;2;1;1;9
000121180;4309320782;3;4;0;35
000121180;4309320782;4;5;0;49
000121259;4272321504;1;1;2;469;2;1;0;9;3;1;0;9;4;1;0;100
000121380;4309320782;1;1;1;114
000121383;4309320782;2;1;1;10
000121383;4309320782;3;4;0;35
000121383;4309320782;4;5;0;49
000121599;4309320782;1;1;1;114
000121599;4309320782;2;1;1;10
000121599;4309320782;3;4;0;35
000121599;4309320782;4;5;0;49
000121791;4272321504;1;1;2;471;2;1;0;9;3;1;0;9;4;1;0;100
000121799;4309320782;1;1;1;114
000121799;4309320782;2;1;1;11
000121799;4309320782;3;4;0;35
000121799;4309320782;4;5;0;49
000122021;4309320782;1;1;1;114
000122021;4309320782;2;1;1;10
000122021;4309320782;3;4;0;35
000122021;4309320782;4;5;0;49
000122260;4309320782;1;1;1;114
000122260;4309320782;2;1;1;10
000122260;4309320782;3;4;0;35
000122260;4309320782;4;5;0;49
000122299;4272321504;1;1;2;470;2;1;0;9;3;1;0;9;4;1;0;100
000122439;4309320782;1;1;1;114
000122439;4309320782;2;1;1;11
000122439;4309320782;3;4;0;35
000122439;4309320782;4;5;0;50
000122659;4309320782;1;1;1;114
000122659;4309320782;2;1;1;11
000122659;4309320782;3;4;0;36
000122659;4309320782;4;5;0;50
000122819;4272321504;1;1;2;470;2;1;0;9;3;1;0;9;4;1;0;100
000122870;4309320782;1;1;1;114
000122873;4309320782;2;1;1;9
000122873;4309320782;3;4;0;36
000122873;4309320782;4;5;0;50
000123100;4309320782;1;1;1;114
000123100;4309320782;2;1;1;10
000123100;4309320782;3;4;0;36
000123100;4309320782;4;5;0;50
000123351;4309320782;1;1;1;114
000123351;4309320782;2;1;1;10
000123351;4309320782;3;4;0;36
000123351;4309320782;4;5;0;50
000123351;4272321504;1;1;2;471;2;1;0;9;3;1;0;9;4;1;0;100
000123519;4309320782;1;1;1;114
000123519;4309320782;2;1;1;9
000123519;4309320782;3;4;0;36
000123519;4309320782;4;5;0;50
000123739;4309320782;1;1;1;114
000123739;4309320782;2;1;1;10
000123739;4309320782;3;4;0;36
000123739;4309320782;4;5;0;50
000123859;4272321504;1;1;2;469;2;1;0;9;3;1;0;9;4;1;0;100
000124066;4309320782;1;1;1;114
000124066;4309320782;2;1;1;11
000124066;4309320782;3;4;0;36
000124066;4309320782;4;5;0;50
000124300;4309320782;1;1;1;114
000124300;4309320782;2;1;1;10
000124300;4309320782;3;4;0;36
000124300;4309320782;4;5;0;51
000124379;4272321504;1;1;2;470;2;1;0;9;3;1;0;9;4;1;0;100
000124479;4309320782;1;1;1;114
000124482;4309320782;2;1;1;11
000124482;4309320782;3;4;0;36
000124482;4309320782;4;5;0;51
000124699;4309320782;1;1;1;114
000124699;4309320782;2;1;1;10
000124699;4309320782;3;4;0;36
000124699;4309320782;4;5;0;51
000124910;4309320782;1;1;1;114
000124910;4309320782;2;1;1;11
000124910;4309320782;3;4;0;36
000124910;4309320782;4;5;0;51
000124911;4272321504;1;1;2;470;2;1;0;9;3;1;0;9;4;1;0;100
000125140;4309320782;1;1;1;114
000125140;4309320782;2;1;1;10
000125140;4309320782;3;4;0;36
000125140;4309320782;4;5;0;51
000125339;4309320782;1;1;1;114
000125339;4309320782;2;1;1;10
000125339;4309320782;3;4;0;36
000125339;4309320782;4;5;0;52
000125419;4272321504;1;1;2;471;2;1;0;9;3;1;0;9;4;1;0;100
000125540;4309320782;1;1;1;114
000125540;4309320782;2;1;1;17
000125540;4309320782;3;4;0;36
000125540;4309320782;4;5;0;52
000125751;4309320782;1;1;1;113
000125751;4309320782;2;1;1;17
000125751;4309320782;3;4;0;37
000125751;4309320782;4;5;0;52
000125939;4272321504;1;1;2;471;2;1;0;9;3;1;0;9;4;1;0;100
000125980;4309320782;1;1;1;114
000125983;4309320782;2;1;1;10
000125983;4309320782;3;4;0;37
000125983;4309320782;4;5;0;52
000126179;4309320782;1;1;1;113
000126179;4309320782;2;1;1;13
000126179;4309320782;3;4;0;37
000126179;4309320782;4;5;0;52
000126399;4309320782;1;1;1;113
000126399;4309320782;2;1;1;17
000126399;4309320782;3;4;0;37
000126399;4309320782;4;5;0;53
000126460;4272321504;1;1;2;470;2;1;0;9;3;1;0;9;4;1;0;100
000126639;4309320782;1;1;1;114
000126639;4309320782;2;1;1;9
000126639;4309320782;3;4;0;37
000126639;4309320782;4;5;0;53
000126840;4309320782;1;1;1;113
000126840;4309320782;2;1;1;15
000126840;4309320782;3;4;0;37
000126840;4309320782;4;5;0;53
000126979;4272321504;1;1;2;469;2;1;0;9;3;1;0;9;4;1;0;100
000127068;4309320782;1;1;1;114
000127069;4309320782;2;1;1;17
000127069;4309320782;3;4;0;37
000127069;4309320782;4;5;0;53
000127259;4309320782;1;1;1;114
000127259;4309320782;2;1;1;11
000127259;4309320782;3;4;0;37
000127259;4309320782;4;5;0;53
000127479;4309320782;1;1;1;114
000127479;4309320782;2;1;1;11
000127479;4309320782;3;4;0;37
000127482;4309320782;4;5;0;54
000127499;4272321504;1;1;2;470;2;1;0;9;3;1;0;9;4;1;0;100
000127679;4309320782;1;1;1;114
000127679;4309320782;2;1;1;10
000127679;4309320782;3;4;0;37
000127679;4309320782;4;5;0;54
000127901;4309320782;1;1;1;114
000127901;4309320782;2;1;1;11
000127901;4309320782;3;4;0;37
000127901;4309320782;4;5;0;54
000128020;4272321504;1;1;2;469;2;1;0;9;3;1;0;9;4;1;0;100
000128151;4309320782;1;1;1;114
000128151;4309320782;2;1;1;9
000128151;4309320782;3;4;0;37
000128151;4309320782;4;5;0;54
000128319;4309320782;1;1;1;114
000128323;4309320782;2;1;1;9
000128323;4309320782;3;4;0;37
000128325;4309320782;4;5;0;54
000128539;4272321504;1;1;2;470;2;1;0;9;3;1;0;9;4;1;0;100
000128539;4309320782;1;1;1;114
000128539;4309320782;2;1;1;10
000128539;4309320782;3;4;0;37
000128539;4309320782;4;5;0;54
000128740;4309320782;1;1;1;114
000128740;4309320782;2;1;1;9
000128740;4309320782;3;4;0;38
000128740;4309320782;4;5;0;54
000128991;4309320782;1;1;1;114
000128991;4309320782;2;1;1;10
000128991;4309320782;3;4;0;38
000128991;4309320782;4;5;0;54
000129060;4272321504;1;1;2;470;2;1;0;9;3;1;0;9;4;1;0;100
000129179;4309320782;1;1;1;114
000129179;4309320782;2;1;1;9
000129179;4309320782;3;4;0;38
000129179;4309320782;4;5;0;54
000129399;4309320782;1;1;1;114
000129399;4309320782;2;1;1;9
000129399;4309320782;3;4;0;38
000129399;4309320782;4;5;0;54
000129580;4272321504;1;1;2;469;2;1;0;9;3;1;0;9;4;1;0;100
000129599;4309320782;1;1;1;114
000129599;4309320782;2;1;1;10
000129599;4309320782;3;4;0;38
000129599;4309320782;4;5;0;54
000129830;4309320782;1;1;1;114
000129833;4309320782;2;1;1;9
000129834;4309320782;3;4;0;38
000129834;4309320782;4;5;0;55
000130060;4309320782;1;1;1;114
000130060;4309320782;2;1;1;10
000130060;4309320782;3;4;0;38
000130060;4309320782;4;5;0;55
000130099;4272321504;1;1;2;471;2;1;0;9;3;1;0;9;4;1;0;100
000130239;4309320782;1;1;1;114
000130239;4309320782;2;1;1;11
000130239;4309320782;3;4;0;38
000130239;4309320782;4;5;0;55
000130479;4309320782;1;1;1;114
000130479;4309320782;2;1;1;9
000130479;4309320782;3;4;0;38
000130479;4309320782;4;5;0;55
000130619;4272321504;1;1;2;470;2;1;0;9;3;1;0;9;4;1;0;98
000130671;4309320782;1;1;1;114
000130671;4309320782;2;1;1;10
000130671;4309320782;3;4;0;38
000130671;4309320782;4;5;0;55
000130900;4309320782;1;1;1;114
000130900;4309320782;2;1;1;10
000130900;4309320782;3;4;0;38
000130900;4309320782;4;5;0;55
000131099;4309320782;1;1;1;114
000131099;4309320782;2;1;1;10
000131099;4309320782;3;4;0;38
000131099;4309320782;4;5;0;55
000131141;4272321504;1;1;2;469;2;1;0;9;3;1;0;9;4;1;0;100
000131299;4309320782;1;1;1;114
000131302;4309320782;2;1;1;10
000131302;4309320782;3;4;0;38
000131302;4309320782;4;5;0;55
000131511;4309320782;1;1;1;114
000131511;4309320782;2;1;1;11
000131511;4309320782;3;4;0;38
000131511;4309320782;4;5;0;55
000131659;4272321504;1;1;2;471;2;1;0;9;3;1;0;9;4;1;0;100
000131746;4309320782;1;1;1;114
000131746;4309320782;2;1;1;9
000131746;4309320782;3;4;0;38
000131746;4309320782;4;5;0;56
000131939;4309320782;1;1;1;114
000131939;4309320782;2;1;1;11
000131939;4309320782;3;4;0;39
000131939;4309320782;4;5;0;56
000132159;4309320782;1;1;1;114
000132159;4309320782;2;1;1;9
000132159;4309320782;3;4;0;39
000132159;4309320782;4;5;0;56
000132179;4272321504;1;1;2;468;2;1;0;9;3;1;0;9;4;1;0;100
000132359;4309320782;1;1;1;114
000132359;4309320782;2;1;1;10
000132359;4309320782;3;4;0;39
000132359;4309320782;4;5;0;56
000132590;4309320782;1;1;1;114
000132590;4309320782;2;1;1;10
000132590;4309320782;3;4;0;39
000132591;4309320782;4;5;0;56
000132711;4272321504;1;1;2;470;2;1;0;9;3;1;0;9;4;1;0;100
000132779;4309320782;1;1;1;114
000132782;4309320782;2;1;1;9
000132782;4309320782;3;4;0;39
000132782;4309320782;4;5;0;56
000132999;4309320782;1;1;1;114
000132999;4309320782;2;1;1;9
000132999;4309320782;3;4;0;39
000132999;4309320782;4;5;0;56
000133220;4272321504;1;1;2;468;2;1;0;9;3;1;0;9;4;1;0;100
000133220;4309320782;1;1;1;114
000133220;4309320782;2;1;1;9
000133220;4309320782;3;4;0;39
000133220;4309320782;4;5;0;56
000133431;4309320782;1;1;1;114
000133431;4309320782;2;1;1;11
000133431;4309320782;3;4;0;39
000133431;4309320782;4;5;0;56
000133660;4309320782;1;1;1;114
000133663;4309320782;2;1;1;11
000133663;4309320782;3;4;0;39
000133663;4309320782;4;5;0;57
000133739;4272321504;1;1;2;469;2;1;0;9;3;1;0;9;4;1;0;100
000133859;4309320782;1;1;1;114
000133859;4309320782;2;1;1;10
000133859;4309320782;3;4;0;39
000133859;4309320782;4;5;0;57
000134079;4309320782;1;1;1;114
000134079;4309320782;2;1;1;11
000134079;4309320782;3;4;0;39
000134079;4309320782;4;5;0;57
000134271;4272321504;1;1;2;469;2;1;0;9;3;1;0;9;4;1;0;100
000134279;4309320782;1;1;1;114
000134279;4309320782;2;1;1;12
000134293;4309320782;3;4;0;39
000134293;4309320782;4;5;0;57
000134500;4309320782;1;1;1;114
000134500;4309320782;2;1;1;9
000134500;4309320782;3;4;0;39
000134500;4309320782;4;5;0;57
000134749;4309320782;1;1;1;114
000134749;4309320782;2;1;1;10
000134749;4309320782;3;4;0;39
000134749;4309320782;4;5;0;57
000134779;4272321504;1;1;2;470;2;1;0;9;3;1;0;9;4;1;0;100
000134919;4309320782;1;1;1;114
000134919;4309320782;2;1;1;10
000134919;4309320782;3;4;0;39
000134919;4309320782;4;5;0;57
000135139;4309320782;1;1;1;114
000135141;4309320782;2;1;1;9
000135141;4309320782;3;4;0;40
000135141;4309320782;4;5;0;57
000135299;4272321504;1;1;2;471;2;1;0;9;3;1;0;9;4;1;0;100
000135359;4309320782;1;1;1;114
000135359;4309320782;2;1;1;9
000135359;4309320782;3;4;0;40
000135359;4309320782;4;5;0;57
000135581;4309320782;1;1;1;114
000135581;4309320782;2;1;1;11
000135581;4309320782;3;4;0;40
000135581;4309320782;4;5;0;58
000135779;4309320782;1;1;1;114
000135779;4309320782;2;1;1;11
000135779;4309320782;3;4;0;40
000135779;4309320782;4;5;0;58
000135834;4272321504;1;1;2;469;2;1;0;9;3;1;0;9;4;1;0;98
000135979;4309320782;1;1;1;114
000135979;4309320782;2;1;1;10
000135979;4309320782;3;4;0;40
000135979;4309320782;4;5;0;58
000136186;4309320782;1;1;1;114
000136186;4309320782;2;1;1;10
000136186;4309320782;3;4;0;40
000136186;4309320782;4;5;0;58
000136339;4272321504;1;1;2;469;2;1;0;9;3;1;0;9;4;1;0;100
000136420;4309320782;1;1;1;114
000136420;4309320782;2;1;1;10
000136420;4309320782;3;4;0;40
000136420;4309320782;4;5;0;58
000136619;4309320782;1;1;1;114
000136622;4309320782;2;1;1;11
000136622;4309320782;3;4;0;40
000136622;4309320782;4;5;0;58
000136859;4272321504;1;1;2;469;2;1;0;9;3;1;0;9;4;1;0;100
000136939;4309320782;1;1;1;114
000136939;4309320782;2;1;1;10
000136939;4309320782;3;4;0;40
000136939;4309320782;4;5;0;59
000137179;4309320782;1;1;1;114
000137179;4309320782;2;1;1;10
000137179;4309320782;3;4;0;40
000137179;4309320782;4;5;0;59
000137381;4272321504;1;1;2;470;2;1;0;9;3;1;0;9;4;1;0;100
000137399;4309320782;1;1;1;114
000137399;4309320782;2;1;1;11
000137402;4309320782;3;4;0;40
000137402;4309320782;4;5;0;59
000137620;4309320782;1;1;1;114
000137620;4309320782;2;1;1;10
000137620;4309320782;3;4;0;40
000137620;4309320782;4;5;0;59
000137871;4309320782;1;1;1;114
000137871;4309320782;2;1;1;9
000137871;4309320782;3;4;0;40
000137871;4309320782;4;5;0;59
000137899;4272321504;1;1;2;469;2;1;0;9;3;1;0;9;4;1;0;100
000138019;4309320782;1;1;1;114
000138019;4309320782;2;1;1;10
000138019;4309320782;3;4;0;40
000138019;4309320782;4;5;0;59
000138230;4309320782;1;1;1;114
000138233;4309320782;2;1;1;9
000138233;4309320782;3;4;0;40
000138233;4309320782;4;5;0;59
000138419;4272321504;1;1;2;470;2;1;0;9;3;1;0;9;4;1;0;98
000138460;4309320782;1;1;1;114
000138460;4309320782;2;1;1;10
000138460;4309320782;3;4;0;41
000138460;4309320782;4;5;0;256
000138659;4309320782;1;1;1;114
000138659;4309320782;2;1;1;10
000138659;4309320782;3;4;0;41
000138659;4309320782;4;5;0;256
000138879;4309320782;1;1;1;114
000138879;4309320782;2;1;1;10
000138879;4309320782;3;4;0;41
000138879;4309320782;4;5;0;256
000138940;4272321504;1;1;2;470;2;1;0;9;3;1;0;9;4;1;0;100
000139079;4309320782;1;1;1;114
000139079;4309320782;2;1;1;10
000139079;4309320782;3;4;0;41
000139079;4309320782;4;5;0;256
000139300;4309320782;1;1;1;114
000139300;4309320782;2;1;1;10
000139300;4309320782;3;4;0;41
000139300;4309320782;4;5;0;256
000139459;4272321504;1;1;2;471;2;1;0;9;3;1;0;9;4;1;0;100
000139499;4309320782;1;1;1;114
000139499;4309320782;2;1;1;11
000139499;4309320782;3;4;0;41
000139499;4309320782;4;5;0;256
000139719;4309320782;1;1;1;114
000139722;4309320782;2;1;1;11
000139722;4309320782;3;4;0;41
000139722;4309320782;4;5;0;257
000139939;4309320782;1;1;1;114
000139939;4309320782;2;1;1;9
000139939;4309320782;3;4;0;41
000139939;4309320782;4;5;0;257
000139980;4272321504;1;1;2;471;2;1;0;9;3;1;0;9;4;1;0;98
000140140;4309320782;1;1;1;114
000140140;4309320782;2;1;1;9
000140140;4309320782;3;4;0;41
000140140;4309320782;4;5;0;257
000140391;4309320782;1;1;1;114
000140391;4309320782;2;1;1;9
000140391;4309320782;3;4;0;41
000140391;4309320782;4;5;0;257
000140500;4272321504;1;1;2;471;2;1;0;9;3;1;0;9;4;1;0;98
000140559;4309320782;1;1;1;114
000140559;4309320782;2;1;1;9
000140559;4309320782;3;4;0;41
000140559;4309320782;4;5;0;257
000140799;4309320782;1;1;1;114
000140799;4309320782;2;1;1;9
000140799;4309320782;3;4;0;41
000140799;4309320782;4;5;0;257
000141019;4272321504;1;1;2;471;2;1;0;9;3;1;0;9;4;1;0;100
000141019;4309320782;1;1;1;114
000141019;4309320782;2;1;1;9
000141019;4309320782;3;4;0;41
000141019;4309320782;4;5;0;257
000141225;4309320782;1;1;1;114
000141225;4309320782;2;1;1;9
000141228;4309320782;3;4;0;41
000141228;4309320782;4;5;0;257
000141469;4309320782;1;1;1;114
000141469;4309320782;2;1;1;9
000141469;4309320782;3;4;0;41
000141469;4309320782;4;5;0;257
000141539;4272321504;1;1;2;471;2;1;0;9;3;1;0;9;4;1;0;100
000141640;4309320782;1;1;1;114
000141640;4309320782;2;1;1;10
000141640;4309320782;3;4;0;42
000141640;4309320782;4;5;0;257
000141859;4309320782;1;1;1;114
000141859;4309320782;2;1;1;11
000141859;4309320782;3;4;0;42
000141859;4309320782;4;5;0;257
000142060;4309320782;1;1;1;114
000142063;4309320782;2;1;1;11
000142063;4309320782;3;4;0;42
000142063;4309320782;4;5;0;258
000142063;4272321504;1;1;2;468;2;1;0;9;3;1;0;9;4;1;0;100
000142310;4309320782;1;1;1;114
000142310;4309320782;2;1;1;11
000142310;4309320782;3;4;0;42
000142311;4309320782;4;5;0;258
000142499;4309320782;1;1;1;114
000142499;4309320782;2;1;1;11
000142499;4309320782;3;4;0;42
000142499;4309320782;4;5;0;258
000142579;4272321504;1;1;2;468;2;1;0;9;3;1;0;9;4;1;0;100
000142719;4309320782;1;1;1;114
000142719;4309320782;2;1;1;11
000142722;4309320782;3;4;0;42
000142722;4309320782;4;5;0;258
000142919;4309320782;1;1;1;114
000142919;4309320782;2;1;1;11
000142919;4309320782;3;4;0;42
000142919;4309320782;4;5;0;258
000143099;4272321504;1;1;2;471;2;1;0;9;3;1;0;9;4;1;0;100
000143151;4309320782;1;1;1;114
000143151;4309320782;2;1;1;9
000143151;4309320782;3;4;0;42
000143151;4309320782;4;5;0;259
000143339;4309320782;1;1;1;114
000143339;4309320782;2;1;1;10
000143339;4309320782;3;4;0;42
000143339;4309320782;4;5;0;259
000143539;4309320782;1;1;1;114
000143542;4309320782;2;1;1;10
000143542;4309320782;3;4;0;42
000143542;4309320782;4;5;0;259
000143631;4272321504;1;1;2;470;2;1;0;9;3;1;0;9;4;1;0;100
000143759;4309320782;1;1;1;114
000143759;4309320782;2;1;1;10
000143759;4309320782;3;4;0;42
000143759;4309320782;4;5;0;259
000143990;4309320782;1;1;1;114
000143990;4309320782;2;1;1;9
000143990;4309320782;3;4;0;42
000143990;4309320782;4;5;0;259
000144140;4272321504;1;1;2;471;2;1;0;9;3;1;0;9;4;1;0;100
000144220;4309320782;1;1;1;114
000144220;4309320782;2;1;1;10
000144223;4309320782;3;4;0;42
000144223;4309320782;4;5;0;259
000144420;4309320782;1;1;1;114
000144420;4309320782;2;1;1;9
000144420;4309320782;3;4;0;42
000144420;4309320782;4;5;0;259
000144619;4309320782;1;1;1;114
000144619;4309320782;2;1;1;10
000144619;4309320782;3;4;0;42
000144619;4309320782;4;5;0;259
000144659;4272321504;1;1;2;471;2;1;0;9;3;1;0;9;4;1;0;100
000144839;4309320782;1;1;1;114
000144839;4309320782;2;1;1;11
000144839;4309320782;3;4;0;42
000144839;4309320782;4;5;0;259
000145063;4309320782;1;1;1;114
000145067;4309320782;2;1;1;11
000145067;4309320782;3;4;0;43
000145067;4309320782;4;5;0;260
000145190;4272321504;1;1;2;469;2;1;0;9;3;1;0;9;4;1;0;98
000145259;4309320782;1;1;1;114
000145259;4309320782;2;1;1;10
000145259;4309320782;3;4;0;43
000145259;4309320782;4;5;0;260
000145479;4309320782;1;1;1;114
000145479;4309320782;2;1;1;11
000145479;4309320782;3;4;0;43
000145479;4309320782;4;5;0;260
000145679;4309320782;1;1;1;114
000145679;4309320782;2;1;1;12
000145679;4309320782;3;4;0;43
000145679;4309320782;4;5;0;260
000145699;4272321504;1;1;2;469;2;1;0;9;3;1;0;9;4;1;0;100
000145908;4309320782;1;1;1;114
000145908;4309320782;2;1;1;9
000145908;4309320782;3;4;0;43
000145908;4309320782;4;5;0;260
000146140;4309320782;1;1;1;114
000146140;4309320782;2;1;1;11
000146140;4309320782;3;4;0;43
000146140;4309320782;4;5;0;261
000146219;4272321504;1;1;2;470;2;1;0;9;3;1;0;9;4;1;0;100
000146319;4309320782;1;1;1;114
000146319;4309320782;2;1;1;11
000146319;4309320782;3;4;0;43
000146319;4309320782;4;5;0;261
000146539;4309320782;1;1;1;114
000146542;4309320782;2;1;1;10
000146542;4309320782;3;4;0;43
000146542;4309320782;4;5;0;261
000146751;4309320782;1;1;1;114
000146751;4309320782;2;1;1;11
000146751;4309320782;3;4;0;43
000146751;4309320782;4;5;0;261
000146751;4272321504;1;1;2;471;2;1;0;9;3;1;0;9;4;1;0;100
000146980;4309320782;1;1;1;114
000146980;4309320782;2;1;1;10
000146980;4309320782;3;4;0;43
000146980;4309320782;4;5;0;261
000147159;4309320782;1;1;1;114
000147159;4309320782;2;1;1;9
000147159;4309320782;3;4;0;43
000147159;4309320782;4;5;0;261
000147259;4272321504;1;1;2;470;2;1;0;9;3;1;0;9;4;1;0;100
000147380;4309320782;1;1;1;114
000147380;4309320782;2;1;1;10
000147380;4309320782;3;4;0;43
000147380;4309320782;4;5;0;261
000147591;4309320782;1;1;1;114
000147591;4309320782;2;1;1;10
000147591;4309320782;3;4;0;43
000147591;4309320782;4;5;0;261
000147779;4272321504;1;1;2;470;2;1;0;9;3;1;0;9;4;1;0;100
000147820;4309320782;1;1;1;114
000147820;4309320782;2;1;1;10
000147820;4309320782;3;4;0;43
000147820;4309320782;4;5;0;262
000148071;4309320782;1;1;1;114
000148074;4309320782;2;1;1;11
000148074;4309320782;3;4;0;43
000148074;4309320782;4;5;0;262
000148239;4309320782;1;1;1;114
000148239;4309320782;2;1;1;11
000148239;4309320782;3;4;0;44
000148239;4309320782;4;5;0;262
000148304;4272321504;1;1;2;470;2;1;0;9;3;1;0;9;4;1;0;100
000148459;4309320782;1;1;1;114
000148459;4309320782;2;1;1;11
000148459;4309320782;3;4;0;44
000148459;4309320782;4;5;0;262
000148660;4309320782;1;1;1;114
000148660;4309320782;2;1;1;11
000148660;4309320782;3;4;0;44
000148660;4309320782;4;5;0;262
000148819;4272321504;1;1;2;468;2;1;0;9;3;1;0;9;4;1;0;100
000148905;4309320782;1;1;1;114
000148905;4309320782;2;1;1;10
000148905;4309320782;3;4;0;44
000148905;4309320782;4;5;0;263
000149099;4309320782;1;1;1;114
000149099;4309320782;2;1;1;10
000149099;4309320782;3;4;0;44
000149099;4309320782;4;5;0;263
000149299;4309320782;1;1;1;114
000149299;4309320782;2;1;1;9
000149299;4309320782;3;4;0;44
000149299;4309320782;4;5;0;263
000149339;4272321504;1;1;2;470;2;1;0;9;3;1;0;9;4;1;0;100
000149519;4309320782;1;1;1;114
000149522;4309320782;2;1;1;9
000149522;4309320782;3;4;0;44
000149522;4309320782;4;5;0;263
000149860;4309320782;1;1;1;114
000149860;4309320782;2;1;1;10
000149860;4309320782;3;4;0;44
000149860;4309320782;4;5;0;263
000149861;4272321504;1;1;2;471;2;1;0;9;3;1;0;9;4;1;0;100
000150060;4309320782;1;1;1;113
000150060;4309320782;2;1;1;18
000150060;4309320782;3;4;0;44
000150060;4309320782;4;5;0;263
000150259;4309320782;1;1;1;114
000150259;4309320782;2;1;1;16
000150259;4309320782;3;4;0;44
000150259;4309320782;4;5;0;263
000150379;4272321504;1;1;2;471;2;1;0;9;3;1;0;9;4;1;0;98
000150471;4309320782;1;1;1;113
000150471;4309320782;2;1;1;14
000150471;4309320782;3;4;0;44
000150471;4309320782;4;5;0;263
000150700;4309320782;1;1;1;113
000150700;4309320782;2;1;1;15
000150700;4309320782;3;4;0;44
000150700;4309320782;4;5;0;264
000150899;4272321504;1;1;2;471;2;1;0;9;3;1;0;9;4;1;0;100
000150899;4309320782;1;1;1;113
000150899;4309320782;2;1;1;16
000150899;4309320782;3;4;0;45
000150899;4309320782;4;5;0;264
000151099;4309320782;1;1;1;113
000151102;4309320782;2;1;1;16
000151102;4309320782;3;4;0;45
000151102;4309320782;4;5;0;264
000151339;4309320782;1;1;1;113
000151339;4309320782;2;1;1;17
000151339;4309320782;3;4;0;45
000151339;4309320782;4;5;0;264
000151420;4272321504;1;1;2;470;2;1;0;9;3;1;0;9;4;1;0;100
000151559;4309320782;1;1;1;113
000151559;4309320782;2;1;1;17
000151559;4309320782;3;4;0;45
000151559;4309320782;4;5;0;264
000151780;4309320782;1;1;1;113
000151780;4309320782;2;1;1;21
000151780;4309320782;3;4;0;45
000151780;4309320782;4;5;0;265
000151939;4272321504;1;1;2;471;2;1;0;9;3;1;0;9;4;1;0;100
000151979;4309320782;1;1;1;113
000151979;4309320782;2;1;1;19
000151979;4309320782;3;4;0;45
000151979;4309320782;4;5;0;265
000152199;4309320782;1;1;1;113
000152199;4309320782;2;1;1;19
000152199;4309320782;3;4;0;45
000152199;4309320782;4;5;0;265
000152399;4309320782;1;1;1;113
000152399;4309320782;2;1;1;18
000152399;4309320782;3;4;0;45
000152399;4309320782;4;5;0;265
000152459;4272321504;1;1;2;469;2;1;0;9;3;1;0;9;4;1;0;100
000152620;4309320782;1;1;1;114
000152623;4309320782;2;1;1;18
000152623;4309320782;3;4;0;45
000152623;4309320782;4;5;0;265
000152819;4309320782;1;1;1;113
000152819;4309320782;2;1;1;24
000152819;4309320782;3;4;0;46
000152819;4309320782;4;5;0;266
000152980;4272321504;1;1;2;471;2;1;0;9;3;1;0;9;4;1;0;100
000153039;4309320782;1;1;1;113
000153039;4309320782;2;1;1;24
000153039;4309320782;3;4;0;46
000153039;4309320782;4;5;0;266
000153259;4309320782;1;1;1;113
000153259;4309320782;2;1;1;24
000153259;4309320782;3;4;0;46
000153259;4309320782;4;5;0;266
000153460;4309320782;1;1;1;113
000153460;4309320782;2;1;1;24
000153460;4309320782;3;4;0;46
000153460;4309320782;4;5;0;266
000153499;4272321504;1;1;2;470;2;1;0;9;3;1;0;9;4;1;0;100
000153711;4309320782;1;1;1;113
000153711;4309320782;2;1;1;24
000153711;4309320782;3;4;0;46
000153711;4309320782;4;5;0;267
000153879;4309320782;1;1;1;113
000153879;4309320782;2;1;1;24
000153879;4309320782;3;4;0;46
000153879;4309320782;4;5;0;267
000154019;4272321504;1;1;2;469;2;1;0;9;3;1;0;9;4;1;0;98
000154099;4309320782;1;1;1;113
000154102;4309320782;2;1;1;24
000154102;4309320782;3;4;0;46
000154102;4309320782;4;5;0;267
000154300;4309320782;1;1;1;113
000154300;4309320782;2;1;1;24
000154300;4309320782;3;4;0;47
000154300;4309320782;4;5;0;267
000154549;4309320782;1;1;1;113
000154549;4309320782;2;1;1;24
000154549;4309320782;3;4;0;47
000154549;4309320782;4;5;0;267
000154549;4272321504;1;1;2;468;2;1;0;9;3;1;0;9;4;1;0;100
000154788;4309320782;1;1;1;113
000154788;4309320782;2;1;1;23
000154788;4309320782;3;4;0;47
000154788;4309320782;4;5;0;268
000154979;4309320782;1;1;1;113
000154979;4309320782;2;1;1;24
000154979;4309320782;3;4;0;47
000154979;4309320782;4;5;0;268
000155060;4272321504;1;1;2;471;2;1;0;9;3;1;0;9;4;1;0;100
000155179;4309320782;1;1;1;113
000155179;4309320782;2;1;1;24
000155179;4309320782;3;4;0;47
000155179;4309320782;4;5;0;268
000155399;4309320782;1;1;1;113
000155399;4309320782;2;1;1;24
000155399;4309320782;3;4;0;47
000155399;4309320782;4;5;0;268
000155579;4272321504;1;1;2;470;2;1;0;9;3;1;0;9;4;1;0;98
000155631;4309320782;1;1;1;113
000155634;4309320782;2;1;1;24
000155634;4309320782;3;4;0;48
000155634;4309320782;4;5;0;268
000155860;4309320782;1;1;1;113
000155860;4309320782;2;1;1;22
000155860;4309320782;3;4;0;48
000155860;4309320782;4;5;0;269
000156039;4309320782;1;1;1;113
000156039;4309320782;2;1;1;23
000156039;4309320782;3;4;0;48
000156039;4309320782;4;5;0;269
000156111;4272321504;1;1;2;471;2;1;0;9;3;1;0;9;4;1;0;100
000156239;4309320782;1;1;1;113
000156239;4309320782;2;1;1;24
000156239;4309320782;3;4;0;48
000156239;4309320782;4;5;0;269
000156470;4309320782;1;1;1;113
000156471;4309320782;2;1;1;24
000156471;4309320782;3;4;0;48
000156471;4309320782;4;5;0;269
000156619;4272321504;1;1;2;469;2;1;0;9;3;1;0;9;4;1;0;100
000156659;4309320782;1;1;1;113
000156659;4309320782;2;1;1;24
000156659;4309320782;3;4;0;48
000156659;4309320782;4;5;0;270
000156879;4309320782;1;1;1;113
000156879;4309320782;2;1;1;24
000156879;4309320782;3;4;0;48
000156879;4309320782;4;5;0;270
000157099;4309320782;1;1;1;113
000157099;4309320782;2;1;1;24
000157102;4309320782;3;4;0;49
000157102;4309320782;4;5;0;270
000157139;4272321504;1;1;2;471;2;1;0;9;3;1;0;9;4;1;0;100
000157311;4309320782;1;1;1;113
000157311;4309320782;2;1;1;24
000157311;4309320782;3;4;0;49
000157311;4309320782;4;5;0;270
000157540;4309320782;1;1;1;113
000157540;4309320782;2;1;1;24
000157540;4309320782;3;4;0;49
000157540;4309320782;4;5;0;270
000157671;4272321504;1;1;2;471;2;1;0;9;3;1;0;9;4;1;0;100
000157719;4309320782;1;1;1;113
000157719;4309320782;2;1;1;24
000157719;4309320782;3;4;0;49
000157719;4309320782;4;5;0;271
000157939;4309320782;1;1;1;113
000157939;4309320782;2;1;1;24
000157939;4309320782;3;4;0;49
000157939;4309320782;4;5;0;271
000158151;4309320782;1;1;1;113
000158151;4309320782;2;1;1;26
000158151;4309320782;3;4;0;49
000158151;4309320782;4;5;0;271
000158179;4272321504;1;1;2;471;2;1;0;9;3;1;0;9;4;1;0;100
000158399;4309320782;1;1;1;113
000158399;4309320782;2;1;1;26
000158399;4309320782;3;4;0;50
000158399;4309320782;4;5;0;271
000158639;4309320782;1;1;1;113
000158639;4309320782;2;1;1;26
000158641;4309320782;3;4;0;50
000158641;4309320782;4;5;0;271
000158699;4272321504;1;1;2;471;2;1;0;9;3;1;0;9;4;1;0;100
000158819;4309320782;1;1;1;113
000158819;4309320782;2;1;1;27
000158819;4309320782;3;4;0;50
000158819;4309320782;4;5;0;272
000159040;4309320782;1;1;1;113
000159040;4309320782;2;1;1;27
000159040;4309320782;3;4;0;50
000159040;4309320782;4;5;0;272
000159227;4272321504;1;1;2;471;2;1;0;9;3;1;0;9;4;1;0;100
000159259;4309320782;1;1;1;113
000159259;4309320782;2;1;1;27
000159259;4309320782;3;4;0;50
000159259;4309320782;4;5;0;272
000159460;4309320782;1;1;1;113
000159460;4309320782;2;1;1;27
000159460;4309320782;3;4;0;50
000159460;4309320782;4;5;0;272
000159710;4309320782;1;1;1;113
000159710;4309320782;2;1;1;27
000159710;4309320782;3;4;0;50
000159711;4309320782;4;5;0;273
000159739;4272321504;1;1;2;469;2;1;0;9;3;1;0;9;4;1;0;100
000159879;4309320782;1;1;1;113
000159879;4309320782;2;1;1;29
000159879;4309320782;3;4;0;51
000159879;4309320782;4;5;0;273
000160099;4309320782;1;1;1;113
000160099;4309320782;2;1;1;28
000160109;4309320782;3;4;0;51
000160109;4309320782;4;5;0;273
000160259;4272321504;1;1;2;471;2;1;0;9;3;1;0;9;4;1;0;98
000160300;4309320782;1;1;1;113
000160300;4309320782;2;1;1;29
000160300;4309320782;3;4;0;51
000160300;4309320782;4;5;0;273
000160551;4309320782;1;1;1;113
000160551;4309320782;2;1;1;29
000160551;4309320782;3;4;0;51
000160551;4309320782;4;5;0;273
000160739;4309320782;1;1;1;113
000160739;4309320782;2;1;1;31
000160739;4309320782;3;4;0;51
000160739;4309320782;4;5;0;274
000160780;4272321504;1;1;2;470;2;1;0;9;3;1;0;9;4;1;0;100
000160959;4309320782;1;1;1;113
000160959;4309320782;2;1;1;32
000160959;4309320782;3;4;0;52
000160959;4309320782;4;5;0;274
000161159;4309320782;1;1;1;113
000161159;4309320782;2;1;1;34
000161159;4309320782;3;4;0;52
000161159;4309320782;4;5;0;274
000161299;4272321504;1;1;2;470;2;1;0;9;3;1;0;9;4;1;0;100
000161391;4309320782;1;1;1;113
000161391;4309320782;2;1;1;34
000161391;4309320782;3;4;0;52
000161391;4309320782;4;5;0;274
000161579;4309320782;1;1;1;113
000161579;4309320782;2;1;1;35
000161586;4309320782;3;4;0;52
000161586;4309320782;4;5;0;274
000161819;4272321504;1;1;2;471;2;1;0;9;3;1;0;9;4;1;0;98
000161860;4309320782;1;1;1;112
000161860;4309320782;2;1;1;37
000161860;4309320782;3;4;0;52
000161860;4309320782;4;5;0;275
000162039;4309320782;1;1;1;112
000162039;4309320782;2;1;1;39
000162039;4309320782;3;4;0;53
000162039;4309320782;4;5;0;275
000162279;4309320782;1;1;1;112
000162279;4309320782;2;1;1;40
000162279;4309320782;3;4;0;53
000162279;4309320782;4;5;0;275
000162340;4272321504;1;1;2;471;2;1;0;9;3;1;0;9;4;1;0;100
000162469;4309320782;1;1;1;112
000162469;4309320782;2;1;1;41
000162469;4309320782;3;4;0;53
000162469;4309320782;4;5;0;275
000162820;4309320782;1;1;1;112
000162820;4309320782;2;1;1;26
000162820;4309320782;3;4;0;54
000162820;4309320782;4;5;0;276
000162859;4272321504;1;1;2;469;2;1;0;9;3;1;0;9;4;1;0;98
000162999;4309320782;1;1;1;113
000162999;4309320782;2;1;1;9
000162999;4309320782;3;4;0;54
000162999;4309320782;4;5;0;276
000163219;4309320782;1;1;1;113
000163219;4309320782;2;1;1;9
000163219;4309320782;3;4;0;54
000163226;4309320782;4;5;0;276
000163379;4272321504;1;1;2;469;2;1;0;9;3;1;0;9;4;1;0;100
000163431;4309320782;1;1;1;113
000163431;4309320782;2;1;1;9
000163431;4309320782;3;4;0;54
000163431;4309320782;4;5;0;276
000163665;4309320782;1;1;1;113
000163665;4309320782;2;1;1;10
000163665;4309320782;3;4;0;54
000163665;4309320782;4;5;0;276
000163859;4309320782;1;1;1;114
000163859;4309320782;2;1;1;11
000163859;4309320782;3;4;0;54
000163859;4309320782;4;5;0;276
000163900;4272321504;1;1;2;469;2;1;0;9;3;1;0;9;4;1;0;100
000164059;4309320782;1;1;1;113
000164059;4309320782;2;1;1;11
000164059;4309320782;3;4;0;54
000164059;4309320782;4;5;0;276
000164279;4309320782;1;1;1;113
000164279;4309320782;2;1;1;11
000164279;4309320782;3;4;0;54
000164279;4309320782;4;5;0;277
000164419;4272321504;1;1;2;469;2;1;0;9;3;1;0;9;4;1;0;100
000164510;4309320782;1;1;1;113
000164510;4309320782;2;1;1;11
000164510;4309320782;3;4;0;54
000164510;4309320782;4;5;0;277
000164699;4309320782;1;1;1;113
000164699;4309320782;2;1;1;10
000164699;4309320782;3;4;0;54
000164706;4309320782;4;5;0;277
000164919;4309320782;1;1;1;113
000164919;4309320782;2;1;1;12
000164919;4309320782;3;4;0;54
000164919;4309320782;4;5;0;277
000164939;4272321504;1;1;2;470;2;1;0;9;3;1;0;9;4;1;0;100
000165119;4309320782;1;1;1;114
000165119;4309320782;2;1;1;11
000165119;4309320782;3;4;0;54
000165119;4309320782;4;5;0;278
000165399;4309320782;1;1;1;113
000165399;4309320782;2;1;1;9
000165399;4309320782;3;4;0;54
000165399;4309320782;4;5;0;278
000165467;4272321504;1;1;2;468;2;1;0;9;3;1;0;9;4;1;0;100
000165580;4309320782;1;1;1;113
000165580;4309320782;2;1;1;10
000165580;4309320782;3;4;0;54
000165580;4309320782;4;5;0;278
000165831;4309320782;1;1;1;113
000165831;4309320782;2;1;1;10
000165831;4309320782;3;4;0;55
000165831;4309320782;4;5;0;278
000165980;4272321504;1;1;2;468;2;1;0;9;3;1;0;9;4;1;0;98
000166019;4309320782;1;1;1;113
000166019;4309320782;2;1;1;11
000166019;4309320782;3;4;0;55
000166019;4309320782;4;5;0;278
000166219;4309320782;1;1;1;113
000166219;4309320782;2;1;1;9
000166219;4309320782;3;4;0;55
000166226;4309320782;4;5;0;278
000166440;4309320782;1;1;1;113
000166440;4309320782;2;1;1;11
000166440;4309320782;3;4;0;55
000166440;4309320782;4;5;0;278
000166499;4272321504;1;1;2;471;2;1;0;9;3;1;0;9;4;1;0;100
000166669;4309320782;1;1;1;113
000166669;4309320782;2;1;1;19
000166669;4309320782;3;4;0;55
000166669;4309320782;4;5;0;279
000166859;4309320782;1;1;1;113
000166859;4309320782;2;1;1;27
000166859;4309320782;3;4;0;55
000166859;4309320782;4;5;0;279
000167031;4272321504;1;1;2;471;2;1;0;9;3;1;0;9;4;1;0;100
000167079;4309320782;1;1;1;113
000167079;4309320782;2;1;1;17
000167079;4309320782;3;4;0;55
000167079;4309320782;4;5;0;279
000167279;4309320782;1;1;1;113
000167279;4309320782;2;1;1;15
000167279;4309320782;3;4;0;55
000167279;4309320782;4;5;0;279
000167503;4309320782;1;1;1;113
000167503;4309320782;2;1;1;14
000167504;4309320782;3;4;0;55
000167504;4309320782;4;5;0;280
000167539;4272321504;1;1;2;468;2;1;0;9;3;1;0;9;4;1;0;98
000167699;4309320782;1;1;1;113
000167699;4309320782;2;1;1;15
000167699;4309320782;3;4;0;55
000167706;4309320782;4;5;0;280
000167920;4309320782;1;1;1;113
000167920;4309320782;2;1;1;21
000167920;4309320782;3;4;0;55
000167920;4309320782;4;5;0;280
000168059;4272321504;1;1;2;471;2;1;0;9;3;1;0;9;4;1;0;100
000168119;4309320782;1;1;1;113
000168119;4309320782;2;1;1;24
000168119;4309320782;3;4;0;56
000168119;4309320782;4;5;0;280
000168340;4309320782;1;1;1;113
000168340;4309320782;2;1;1;22
000168340;4309320782;3;4;0;56
000168340;4309320782;4;5;0;280
000168591;4309320782;1;1;1;113
000168596;4309320782;2;1;1;20
000168596;4309320782;3;4;0;56
000168596;4309320782;4;5;0;281
000168597;4272321504;1;1;2;470;2;1;0;9;3;1;0;9;4;1;0;100
000168779;4309320782;1;1;1;113
000168779;4309320782;2;1;1;9
000168779;4309320782;3;4;0;56
000168779;4309320782;4;5;0;281
000168999;4309320782;1;1;1;113
000168999;4309320782;2;1;1;11
000168999;4309320782;3;4;0;56
000168999;4309320782;4;5;0;281
000169099;4272321504;1;1;2;471;2;1;0;9;3;1;0;9;4;1;0;100
000169219;4309320782;1;1;1;113
000169219;4309320782;2;1;1;11
000169219;4309320782;3;4;0;56
000169227;4309320782;4;5;0;281
000169431;4309320782;1;1;1;113
000169431;4309320782;2;1;1;10
000169431;4309320782;3;4;0;56
000169431;4309320782;4;5;0;281
000169619;4272321504;1;1;2;471;2;1;0;9;3;1;0;9;4;1;0;100
000169660;4309320782;1;1;1;113
000169660;4309320782;2;1;1;10
000169660;4309320782;3;4;0;56
000169660;4309320782;4;5;0;281
000169839;4309320782;1;1;1;113
000169839;4309320782;2;1;1;10
000169839;4309320782;3;4;0;56
000169839;4309320782;4;5;0;282
000170059;4309320782;1;1;1;113
000170064;4309320782;2;1;1;10
000170064;4309320782;3;4;0;56
000170064;4309320782;4;5;0;282
000170149;4272321504;1;1;2;470;2;1;0;9;3;1;0;9;4;1;0;100
000170271;4309320782;1;1;1;113
000170271;4309320782;2;1;1;12
000170271;4309320782;3;4;0;56
000170271;4309320782;4;5;0;282
000170541;4309320782;1;1;1;113
000170541;4309320782;2;1;1;12
000170541;4309320782;3;4;0;57
000170541;4309320782;4;5;0;282
000170659;4272321504;1;1;2;471;2;1;0;9;3;1;0;9;4;1;0;100
000170700;4309320782;1;1;1;113
000170700;4309320782;2;1;1;16
000170700;4309320782;3;4;0;57
000170707;4309320782;4;5;0;282
000170899;4309320782;1;1;1;113
000170899;4309320782;2;1;1;19
000170899;4309320782;3;4;0;57
000170899;4309320782;4;5;0;282
000171119;4309320782;1;1;1;113
000171119;4309320782;2;1;1;17
000171119;4309320782;3;4;0;57
000171119;4309320782;4;5;0;283
000171179;4272321504;1;1;2;469;2;1;0;9;3;1;0;9;4;1;0;100
000171346;4309320782;1;1;1;113
000171346;4309320782;2;1;1;16
000171346;4309320782;3;4;0;57
000171346;4309320782;4;5;0;283
000171539;4309320782;1;1;1;113
000171544;4309320782;2;1;1;17
000171544;4309320782;3;4;0;57
000171544;4309320782;4;5;0;283
000171700;4272321504;1;1;2;470;2;1;0;9;3;1;0;9;4;1;0;100
000171759;4309320782;1;1;1;113
000171759;4309320782;2;1;1;17
000171759;4309320782;3;4;0;57
000171759;4309320782;4;5;0;283
000171959;4309320782;1;1;1;113
000171959;4309320782;2;1;1;17
000171959;4309320782;3;4;0;57
000171959;4309320782;4;5;0;284
000172191;4309320782;1;1;1;113
000172191;4309320782;2;1;1;17
000172191;4309320782;3;4;0;57
000172191;4309320782;4;5;0;284
000172219;4272321504;1;1;2;469;2;1;0;9;3;1;0;9;4;1;0;100
000172420;4309320782;1;1;1;113
000172420;4309320782;2;1;1;17
000172420;4309320782;3;4;0;57
000172420;4309320782;4;5;0;284
000172619;4309320782;1;1;1;113
000172619;4309320782;2;1;1;17
000172619;4309320782;3;4;0;58
000172619;4309320782;4;5;0;284
000172739;4272321504;1;1;2;469;2;1;0;9;3;1;0;9;4;1;0;100
000172839;4309320782;1;1;1;113
000172839;4309320782;2;1;1;17
000172839;4309320782;3;4;0;58
000172839;4309320782;4;5;0;284
000173059;4309320782;1;1;1;113
000173072;4309320782;2;1;1;15
000173072;4309320782;3;4;0;58
000173072;4309320782;4;5;0;285
000173260;4309320782;1;1;1;113
000173260;4309320782;2;1;1;15
000173260;4309320782;3;4;0;58
000173260;4309320782;4;5;0;285
000173260;4272321504;1;1;2;470;2;1;0;9;3;1;0;9;4;1;0;98
000173459;4309320782;1;1;1;113
000173459;4309320782;2;1;1;14
000173459;4309320782;3;4;0;58
000173459;4309320782;4;5;0;285
000173679;4309320782;1;1;1;113
000173679;4309320782;2;1;1;14
000173679;4309320782;3;4;0;58
000173679;4309320782;4;5;0;285
000173779;4272321504;1;1;2;470;2;1;0;9;3;1;0;9;4;1;0;100
000173899;4309320782;1;1;1;113
000173899;4309320782;2;1;1;16
000173899;4309320782;3;4;0;58
000173899;4309320782;4;5;0;285
000174100;4309320782;1;1;1;113
000174100;4309320782;2;1;1;13
000174100;4309320782;3;4;0;58
000174100;4309320782;4;5;0;286
000174300;4272321504;1;1;2;469;2;1;0;9;3;1;0;9;4;1;0;100
000174349;4309320782;1;1;1;113
000174349;4309320782;2;1;1;17
000174349;4309320782;3;4;0;58
000174349;4309320782;4;5;0;286
000174519;4309320782;1;1;1;113
000174524;4309320782;2;1;1;15
000174524;4309320782;3;4;0;58
000174524;4309320782;4;5;0;286
000174739;4309320782;1;1;1;112
000174739;4309320782;2;1;1;46
000174739;4309320782;3;4;0;59
000174739;4309320782;4;5;0;286
000174820;4272321504;1;1;2;471;2;1;0;9;3;1;0;9;4;1;0;98
000174959;4309320782;1;1;1;113
000174959;4309320782;2;1;1;16
000174959;4309320782;3;4;0;59
000174959;4309320782;4;5;0;287
000175183;4309320782;1;1;1;113
000175184;4309320782;2;1;1;17
000175184;4309320782;3;4;0;59
000175184;4309320782;4;5;0;287
000175339;4272321504;1;1;2;470;2;1;0;9;3;1;0;9;4;1;0;100
000175379;4309320782;1;1;1;113
000175379;4309320782;2;1;1;17
000175379;4309320782;3;4;0;59
000175379;4309320782;4;5;0;287
000175699;4309320782;1;1;1;113
000175699;4309320782;2;1;1;15
000175699;4309320782;3;4;0;59
000175699;4309320782;4;5;0;287
000175859;4272321504;1;1;2;471;2;1;0;9;3;1;0;9;4;1;0;100
000175939;4309320782;1;1;1;113
000175939;4309320782;2;1;1;17
000175939;4309320782;3;4;0;59
000175939;4309320782;4;5;0;288
000176159;4309320782;1;1;1;113
000176164;4309320782;2;1;1;17
000176164;4309320782;3;4;0;59
000176164;4309320782;4;5;0;288
000176385;4309320782;1;1;1;113
000176385;4309320782;2;1;1;17
000176385;4309320782;3;4;0;59
000176385;4309320782;4;5;0;288
000176385;4272321504;1;1;2;470;2;1;0;9;3;1;0;9;4;1;0;100
000176579;4309320782;1;1;1;113
000176579;4309320782;2;1;1;17
000176579;4309320782;3;4;0;60
000176579;4309320782;4;5;0;288
000176800;4309320782;1;1;1;113
000176800;4309320782;2;1;1;16
000176800;4309320782;3;4;0;60
000176800;4309320782;4;5;0;288
000176899;4272321504;1;1;2;471;2;1;0;9;3;1;0;9;4;1;0;100
000176999;4309320782;1;1;1;113
000176999;4309320782;2;1;1;18
000176999;4309320782;3;4;0;60
000176999;4309320782;4;5;0;289
000177220;4309320782;1;1;1;113
000177220;4309320782;2;1;1;17
000177220;4309320782;3;4;0;60
000177220;4309320782;4;5;0;289
000177419;4272321504;1;1;2;471;2;1;0;9;3;1;0;9;4;1;0;100
000177419;4309320782;1;1;1;113
000177419;4309320782;2;1;1;17
000177419;4309320782;3;4;0;60
000177419;4309320782;4;5;0;289
000177639;4309320782;1;1;1;113
000177642;4309320782;2;1;1;17
000177643;4309320782;3;4;0;60
000177643;4309320782;4;5;0;289
000177859;4309320782;1;1;1;113
000177859;4309320782;2;1;1;17
000177859;4309320782;3;4;0;60
000177859;4309320782;4;5;0;289
000177951;4272321504;1;1;2;470;2;1;0;9;3;1;0;9;4;1;0;100
000178060;4309320782;1;1;1;113
000178060;4309320782;2;1;1;14
000178060;4309320782;3;4;0;60
000178060;4309320782;4;5;0;290
000178311;4309320782;1;1;1;113
000178311;4309320782;2;1;1;17
000178311;4309320782;3;4;0;60
000178311;4309320782;4;5;0;290
000178459;4272321504;1;1;2;471;2;1;0;9;3;1;0;9;4;1;0;100
000178479;4309320782;1;1;1;113
000178479;4309320782;2;1;1;15
000178479;4309320782;3;4;0;61
000178479;4309320782;4;5;0;290
000178699;4309320782;1;1;1;113
000178699;4309320782;2;1;1;18
000178699;4309320782;3;4;0;61
000178699;4309320782;4;5;0;290
000178900;4309320782;1;1;1;113
000178900;4309320782;2;1;1;14
000178900;4309320782;3;4;0;61
000178900;4309320782;4;5;0;290
000178979;4272321504;1;1;2;471;2;1;0;9;3;1;0;9;4;1;0;100
000179151;4309320782;1;1;1;113
000179154;4309320782;2;1;1;16
000179154;4309320782;3;4;0;61
000179154;4309320782;4;5;0;291
000179380;4309320782;1;1;1;113
000179380;4309320782;2;1;1;16
000179380;4309320782;3;4;0;61
000179380;4309320782;4;5;0;291
000179511;4272321504;1;1;2;470;2;1;0;9;3;1;0;9;4;1;0;100
000179559;4309320782;1;1;1;113
000179559;4309320782;2;1;1;16
000179559;4309320782;3;4;0;61
000179559;4309320782;4;5;0;291
000179779;4309320782;1;1;1;113
000179779;4309320782;2;1;1;17
000179779;4309320782;3;4;0;61
000179779;4309320782;4;5;0;291
000179991;4309320782;1;1;1;113
000179991;4309320782;2;1;1;16
000179991;4309320782;3;4;0;61
000179991;4309320782;4;5;0;292
000180019;4272321504;1;1;2;470;2;1;0;9;3;1;0;9;4;1;0;100
000180221;4309320782;1;1;1;113
000180221;4309320782;2;1;1;15
000180221;4309320782;3;4;0;61
000180222;4309320782;4;5;0;292
000180419;4309320782;1;1;1;113
000180419;4309320782;2;1;1;21
000180419;4309320782;3;4;0;61
000180419;4309320782;4;5;0;292
000180539;4272321504;1;1;2;471;2;1;0;9;3;1;0;9;4;1;0;100
000180619;4309320782;1;1;1;113
000180622;4309320782;2;1;1;16
000180622;4309320782;3;4;0;62
000180622;4309320782;4;5;0;292
000180839;4309320782;1;1;1;113
000180839;4309320782;2;1;1;22
000180839;4309320782;3;4;0;62
000180839;4309320782;4;5;0;292
000181069;4309320782;1;1;1;113
000181069;4309320782;2;1;1;16
000181069;4309320782;3;4;0;62
000181069;4309320782;4;5;0;293
000181069;4272321504;1;1;2;468;2;1;0;9;3;1;0;9;4;1;0;100
000181259;4309320782;1;1;1;113
000181259;4309320782;2;1;1;17
000181259;4309320782;3;4;0;62
000181259;4309320782;4;5;0;293
000181479;4309320782;1;1;1;113
000181479;4309320782;2;1;1;17
000181479;4309320782;3;4;0;62
000181479;4309320782;4;5;0;293
000181579;4272321504;1;1;2;471;2;1;0;9;3;1;0;9;4;1;0;100
000181679;4309320782;1;1;1;113
000181679;4309320782;2;1;1;16
000181679;4309320782;3;4;0;62
000181679;4309320782;4;5;0;293
000181910;4309320782;1;1;1;113
000181910;4309320782;2;1;1;18
000181910;4309320782;3;4;0;62
000181910;4309320782;4;5;0;293
000182099;4272321504;1;1;2;469;2;1;0;9;3;1;0;9;4;1;0;100
000182099;4309320782;1;1;1;113
000182102;4309320782;2;1;1;16
000182102;4309320782;3;4;0;62
000182102;4309320782;4;5;0;294
000182319;4309320782;1;1;1;113
000182319;4309320782;2;1;1;17
000182319;4309320782;3;4;0;62
000182319;4309320782;4;5;0;294
000182519;4309320782;1;1;1;113
000182519;4309320782;2;1;1;17
000182519;4309320782;3;4;0;63
000182519;4309320782;4;5;0;294
000182620;4272321504;1;1;2;470;2;1;0;9;3;1;0;9;4;1;0;100
000182751;4309320782;1;1;1;113
000182751;4309320782;2;1;1;17
000182751;4309320782;3;4;0;63
000182751;4309320782;4;5;0;294
000182980;4309320782;1;1;1;113
000182980;4309320782;2;1;1;14
000182980;4309320782;3;4;0;63
000182980;4309320782;4;5;0;295
000183139;4272321504;1;1;2;470;2;1;0;9;3;1;0;9;4;1;0;100
000183231;4309320782;1;1;1;113
000183231;4309320782;2;1;1;17
000183231;4309320782;3;4;0;63
000183231;4309320782;4;5;0;295
000183399;4309320782;1;1;1;113
000183399;4309320782;2;1;1;17
000183399;4309320782;3;4;0;63
000183399;4309320782;4;5;0;295
000183619;4309320782;1;1;1;112
000183619;4309320782;2;1;1;37
000183619;4309320782;3;4;0;63
000183621;4309320782;4;5;0;295
000183659;4272321504;1;1;2;469;2;1;0;9;3;1;0;9;4;1;0;98
000183820;4309320782;1;1;1;113
000183820;4309320782;2;1;1;16
000183820;4309320782;3;4;0;63
000183820;4309320782;4;5;0;295
000184065;4309320782;1;1;1;113
000184065;4309320782;2;1;1;16
000184065;4309320782;3;4;0;63
000184065;4309320782;4;5;0;296
000184180;4272321504;1;1;2;471;2;1;0;9;3;1;0;9;4;1;0;100
000184259;4309320782;1;1;1;113
000184259;4309320782;2;1;1;16
000184259;4309320782;3;4;0;63
000184259;4309320782;4;5;0;296
000184459;4309320782;1;1;1;113
000184459;4309320782;2;1;1;17
000184459;4309320782;3;4;0;64
000184459;4309320782;4;5;0;296
000184679;4309320782;1;1;1;113
000184679;4309320782;2;1;1;13
000184679;4309320782;3;4;0;64
000184679;4309320782;4;5;0;296
000184699;4272321504;1;1;2;471;2;1;0;9;3;1;0;9;4;1;0;98
000184900;4309320782;1;1;1;113
000184900;4309320782;2;1;1;10
000184900;4309320782;3;4;0;64
000184900;4309320782;4;5;0;296
000185099;4309320782;1;1;1;113
000185099;4309320782;2;1;1;9
000185099;4309320782;3;4;0;64
000185102;4309320782;4;5;0;296
000185220;4272321504;1;1;2;469;2;1;0;9;3;1;0;9;4;1;0;100
000185299;4309320782;1;1;1;113
000185299;4309320782;2;1;1;11
000185299;4309320782;3;4;0;64
000185299;4309320782;4;5;0;297
000185508;4309320782;1;1;1;114
000185508;4309320782;2;1;1;10
000185508;4309320782;3;4;0;64
000185508;4309320782;4;5;0;297
000185740;4309320782;1;1;1;113
000185740;4309320782;2;1;1;10
000185740;4309320782;3;4;0;64
000185740;4309320782;4;5;0;297
000185740;4272321504;1;1;2;470;2;1;0;9;3;1;0;9;4;1;0;100
000185939;4309320782;1;1;1;113
000185939;4309320782;2;1;1;11
000185939;4309320782;3;4;0;64
000185939;4309320782;4;5;0;297
000186159;4309320782;1;1;1;113
000186159;4309320782;2;1;1;11
000186159;4309320782;3;4;0;64
000186159;4309320782;4;5;0;298
000186259;4272321504;1;1;2;468;2;1;0;9;3;1;0;9;4;1;0;98
000186399;4309320782;1;1;1;113
000186399;4309320782;2;1;1;11
000186399;4309320782;3;4;0;64
000186399;4309320782;4;5;0;298
000186599;4309320782;1;1;1;113
000186599;4309320782;2;1;1;11
000186599;4309320782;3;4;0;64
000186602;4309320782;4;5;0;298
000186779;4272321504;1;1;2;471;2;1;0;9;3;1;0;9;4;1;0;100
000186831;4309320782;1;1;1;113
000186831;4309320782;2;1;1;9
000186831;4309320782;3;4;0;64
000186831;4309320782;4;5;0;298
000187060;4309320782;1;1;1;113
000187060;4309320782;2;1;1;12
000187060;4309320782;3;4;0;64
000187060;4309320782;4;5;0;298
000187239;4309320782;1;1;1;113
000187239;4309320782;2;1;1;11
000187239;4309320782;3;4;0;64
000187239;4309320782;4;5;0;299
000187303;4272321504;1;1;2;470;2;1;0;9;3;1;0;9;4;1;0;100
000187440;4309320782;1;1;1;113
000187440;4309320782;2;1;1;10
000187440;4309320782;3;4;0;65
000187440;4309320782;4;5;0;299
000187671;4309320782;1;1;1;113
000187671;4309320782;2;1;1;12
000187671;4309320782;3;4;0;65
000187671;4309320782;4;5;0;299
000187819;4272321504;1;1;2;470;2;1;0;9;3;1;0;9;4;1;0;100
000187904;4309320782;1;1;1;113
000187904;4309320782;2;1;1;9
000187904;4309320782;3;4;0;65
000187904;4309320782;4;5;0;299
000188079;4309320782;1;1;1;113
000188079;4309320782;2;1;1;10
000188079;4309320782;3;4;0;65
000188082;4309320782;4;5;0;299
000188299;4309320782;1;1;1;113
000188299;4309320782;2;1;1;13
000188299;4309320782;3;4;0;65
000188299;4309320782;4;5;0;299
000188339;4272321504;1;1;2;470;2;1;0;9;3;1;0;9;4;1;0;98
000188620;4309320782;1;1;1;113
000188620;4309320782;2;1;1;14
000188620;4309320782;3;4;0;65
000188620;4309320782;4;5;0;300
000188871;4309320782;1;1;1;114
000188871;4309320782;2;1;1;13
000188871;4309320782;3;4;0;65
000188871;4309320782;4;5;0;300
000188871;4272321504;1;1;2;469;2;1;0;9;3;1;0;9;4;1;0;100
000189039;4309320782;1;1;1;113
000189039;4309320782;2;1;1;14
000189039;4309320782;3;4;0;65
000189039;4309320782;4;5;0;300
000189259;4309320782;1;1;1;113
000189259;4309320782;2;1;1;12
000189259;4309320782;3;4;0;65
000189259;4309320782;4;5;0;300
000189379;4272321504;1;1;2;470;2;1;0;9;3;1;0;9;4;1;0;100
000189480;4309320782;1;1;1;113
000189480;4309320782;2;1;1;13
000189480;4309320782;3;4;0;65
000189480;4309320782;4;5;0;301
000189709;4309320782;1;1;1;113
000189709;4309320782;2;1;1;13
000189709;4309320782;3;4;0;65
000189712;4309320782;4;5;0;301
000189899;4272321504;1;1;2;469;2;1;0;9;3;1;0;9;4;1;0;98
000189947;4309320782;1;1;1;114
000189947;4309320782;2;1;1;13
000189947;4309320782;3;4;0;65
000189947;4309320782;4;5;0;301
000190119;4309320782;1;1;1;113
000190119;4309320782;2;1;1;12
000190119;4309320782;3;4;0;66
000190119;4309320782;4;5;0;301
000190359;4309320782;1;1;1;113
000190359;4309320782;2;1;1;17
000190359;4309320782;3;4;0;66
000190359;4309320782;4;5;0;301
000190431;4272321504;1;1;2;468;2;1;0;9;3;1;0;9;4;1;0;100
000190559;4309320782;1;1;1;113
000190559;4309320782;2;1;1;19
000190559;4309320782;3;4;0;66
000190559;4309320782;4;5;0;302
000190791;4309320782;1;1;1;113
000190791;4309320782;2;1;1;19
000190791;4309320782;3;4;0;66
000190791;4309320782;4;5;0;302
000190939;4272321504;1;1;2;468;2;1;0;9;3;1;0;9;4;1;0;98
000190979;4309320782;1;1;1;113
000190979;4309320782;2;1;1;19
000190979;4309320782;3;4;0;66
000190979;4309320782;4;5;0;302
000191179;4309320782;1;1;1;113
000191179;4309320782;2;1;1;19
000191179;4309320782;3;4;0;66
000191182;4309320782;4;5;0;302
000191399;4309320782;1;1;1;113
000191399;4309320782;2;1;1;19
000191399;4309320782;3;4;0;66
000191399;4309320782;4;5;0;302
000191459;4272321504;1;1;2;469;2;1;0;9;3;1;0;9;4;1;0;100
000191631;4309320782;1;1;1;113
000191631;4309320782;2;1;1;19
000191631;4309320782;3;4;0;66
000191631;4309320782;4;5;0;303
000191819;4309320782;1;1;1;113
000191819;4309320782;2;1;1;30
000191819;4309320782;3;4;0;67
000191819;4309320782;4;5;0;303
000191990;4272321504;1;1;2;471;2;1;0;9;3;1;0;9;4;1;0;100
000192039;4309320782;1;1;1;113
000192039;4309320782;2;1;1;29
000192039;4309320782;3;4;0;67
000192039;4309320782;4;5;0;303
000192239;4309320782;1;1;1;113
000192239;4309320782;2;1;1;27
000192239;4309320782;3;4;0;67
000192239;4309320782;4;5;0;303
000192471;4309320782;1;1;1;113
000192471;4309320782;2;1;1;27
000192471;4309320782;3;4;0;67
000192471;4309320782;4;5;0;304
000192499;4272321504;1;1;2;469;2;1;0;9;3;1;0;9;4;1;0;98
000192659;4309320782;1;1;1;113
000192659;4309320782;2;1;1;27
000192659;4309320782;3;4;0;67
000192662;4309320782;4;5;0;304
000192879;4309320782;1;1;1;113
000192879;4309320782;2;1;1;27
000192879;4309320782;3;4;0;67
000192879;4309320782;4;5;0;304
000193019;4272321504;1;1;2;468;2;1;0;9;3;1;0;9;4;1;0;100
000193079;4309320782;1;1;1;113
000193079;4309320782;2;1;1;27
000193079;4309320782;3;4;0;68
000193079;4309320782;4;5;0;304
000193311;4309320782;1;1;1;113
000193311;4309320782;2;1;1;27
000193311;4309320782;3;4;0;68
000193311;4309320782;4;5;0;304
000193540;4309320782;1;1;1;113
000193540;4309320782;2;1;1;27
000193544;4309320782;3;4;0;68
000193544;4309320782;4;5;0;305
000193544;4272321504;1;1;2;471;2;1;0;9;3;1;0;9;4;1;0;100
000193739;4309320782;1;1;1;113
000193739;4309320782;2;1;1;26
000193739;4309320782;3;4;0;68
000193739;4309320782;4;5;0;305
000193959;4309320782;1;1;1;113
000193959;4309320782;2;1;1;27
000193959;4309320782;3;4;0;68
000193959;4309320782;4;5;0;305
000194059;4272321504;1;1;2;471;2;1;0;9;3;1;0;9;4;1;0;98
000194179;4309320782;1;1;1;113
000194179;4309320782;2;1;1;27
000194179;4309320782;3;4;0;68
000194182;4309320782;4;5;0;305
000194386;4309320782;1;1;1;113
000194386;4309320782;2;1;1;27
000194386;4309320782;3;4;0;69
000194386;4309320782;4;5;0;305
000194579;4272321504;1;1;2;471;2;1;0;9;3;1;0;9;4;1;0;100
000194620;4309320782;1;1;1;113
000194620;4309320782;2;1;1;27
000194620;4309320782;3;4;0;69
000194620;4309320782;4;5;0;306
000194799;4309320782;1;1;1;113
000194799;4309320782;2;1;1;27
000194799;4309320782;3;4;0;69
000194799;4309320782;4;5;0;306
000195019;4309320782;1;1;1;113
000195019;4309320782;2;1;1;27
000195022;4309320782;3;4;0;69
000195022;4309320782;4;5;0;306
000195100;4272321504;1;1;2;471;2;1;0;9;3;1;0;9;4;1;0;100
000195231;4309320782;1;1;1;113
000195231;4309320782;2;1;1;27
000195231;4309320782;3;4;0;69
000195231;4309320782;4;5;0;306
000195460;4309320782;1;1;1;113
000195460;4309320782;2;1;1;27
000195460;4309320782;3;4;0;69
000195460;4309320782;4;5;0;307
000195619;4272321504;1;1;2;470;2;1;0;9;3;1;0;9;4;1;0;100
000195659;4309320782;1;1;1;113
000195659;4309320782;2;1;1;27
000195659;4309320782;3;4;0;70
000195662;4309320782;4;5;0;307
000195860;4309320782;1;1;1;113
000195860;4309320782;2;1;1;27
000195860;4309320782;3;4;0;70
000195860;4309320782;4;5;0;307
000196071;4309320782;1;1;1;113
000196071;4309320782;2;1;1;29
000196071;4309320782;3;4;0;70
000196071;4309320782;4;5;0;307
000196140;4272321504;1;1;2;471;2;1;0;9;3;1;0;9;4;1;0;100
000196300;4309320782;1;1;1;113
000196300;4309320782;2;1;1;28
000196300;4309320782;3;4;0;70
000196300;4309320782;4;5;0;307
000196499;4309320782;1;1;1;113
000196499;4309320782;2;1;1;29
000196502;4309320782;3;4;0;70
000196502;4309320782;4;5;0;308
000196660;4272321504;1;1;2;470;2;1;0;9;3;1;0;9;4;1;0;100
000196699;4309320782;1;1;1;113
000196699;4309320782;2;1;1;28
000196700;4309320782;3;4;0;70
000196700;4309320782;4;5;0;308
000196939;4309320782;1;1;1;113
000196939;4309320782;2;1;1;28
000196939;4309320782;3;4;0;71
000196939;4309320782;4;5;0;308
000197160;4309320782;1;1;1;113
000197160;4309320782;2;1;1;28
000197160;4309320782;3;4;0;71
000197160;4309320782;4;5;0;308
000197179;4272321504;1;1;2;470;2;1;0;9;3;1;0;9;4;1;0;98
000197389;4309320782;1;1;1;113
000197389;4309320782;2;1;1;28
000197389;4309320782;3;4;0;71
000197389;4309320782;4;5;0;308
000197579;4309320782;1;1;1;113
000197579;4309320782;2;1;1;27
000197579;4309320782;3;4;0;71
000197579;4309320782;4;5;0;309
000197699;4272321504;1;1;2;471;2;1;0;9;3;1;0;9;4;1;0;100
000197799;4309320782;1;1;1;113
000197799;4309320782;2;1;1;28
000197799;4309320782;3;4;0;71
000197799;4309320782;4;5;0;309
000198019;4309320782;1;1;1;113
000198019;4309320782;2;1;1;28
000198022;4309320782;3;4;0;71
000198022;4309320782;4;5;0;309
000198221;4309320782;1;1;1;113
000198221;4309320782;2;1;1;28
000198221;4309320782;3;4;0;72
000198221;4309320782;4;5;0;309
000198221;4272321504;1;1;2;470;2;1;0;9;3;1;0;9;4;1;0;100
000198419;4309320782;1;1;1;113
000198419;4309320782;2;1;1;28
000198419;4309320782;3;4;0;72
000198419;4309320782;4;5;0;310
000198640;4309320782;1;1;1;113
000198640;4309320782;2;1;1;30
000198640;4309320782;3;4;0;72
000198640;4309320782;4;5;0;310
000198739;4272321504;1;1;2;470;2;1;0;9;3;1;0;9;4;1;0;96
000198859;4309320782;1;1;1;113
000198859;4309320782;2;1;1;28
000198859;4309320782;3;4;0;72
000198859;4309320782;4;5;0;310
000199060;4309320782;1;1;1;113
000199060;4309320782;2;1;1;29
000199060;4309320782;3;4;0;72
000199060;4309320782;4;5;0;310
000199259;4272321504;1;1;2;471;2;1;0;9;3;1;0;9;4;1;0;98
000199311;4309320782;1;1;1;113
000199311;4309320782;2;1;1;27
000199311;4309320782;3;4;0;72
000199311;4309320782;4;5;0;310
000199479;4309320782;1;1;1;113
000199479;4309320782;2;1;1;28
000199482;4309320782;3;4;0;73
000199482;4309320782;4;5;0;311
000199699;4309320782;1;1;1;113
000199699;4309320782;2;1;1;29
000199699;4309320782;3;4;0;73
000199699;4309320782;4;5;0;311
000199791;4272321504;1;1;2;470;2;1;0;9;3;1;0;9;4;1;0;100
000199900;4309320782;1;1;1;112
000199900;4309320782;2;1;1;31
000199900;4309320782;3;4;0;73
000199900;4309320782;4;5;0;311
000200151;4309320782;1;1;1;113
000200151;4309320782;2;1;1;29
000200151;4309320782;3;4;0;73
000200151;4309320782;4;5;0;311
000200300;4272321504;1;1;2;469;2;1;0;9;3;1;0;9;4;1;0;100
000200339;4309320782;1;1;1;113
000200339;4309320782;2;1;1;29
000200339;4309320782;3;4;0;73
000200339;4309320782;4;5;0;311
000200559;4309320782;1;1;1;113
000200559;4309320782;2;1;1;29
000200559;4309320782;3;4;0;74
000200559;4309320782;4;5;0;312
000200779;4309320782;1;1;1;113
000200779;4309320782;2;1;1;29
000200779;4309320782;3;4;0;74
000200779;4309320782;4;5;0;312
000200819;4272321504;1;1;2;471;2;1;0;9;3;1;0;9;4;1;0;100
000200991;4309320782;1;1;1;113
000200991;4309320782;2;1;1;30
000200994;4309320782;3;4;0;74
000200994;4309320782;4;5;0;312
000201220;4309320782;1;1;1;113
000201220;4309320782;2;1;1;33
000201220;4309320782;3;4;0;74
000201220;4309320782;4;5;0;312
000201351;4272321504;1;1;2;471;2;1;0;9;3;1;0;9;4;1;0;100
000201539;4309320782;1;1;1;112
000201539;4309320782;2;1;1;32
000201539;4309320782;3;4;0;74
000201539;4309320782;4;5;0;313
000201739;4309320782;1;1;1;112
000201739;4309320782;2;1;1;34
000201739;4309320782;3;4;0;75
000201739;4309320782;4;5;0;313
000201859;4272321504;1;1;2;471;2;1;0;9;3;1;0;9;4;1;0;100
000201959;4309320782;1;1;1;112
000201959;4309320782;2;1;1;34
000201959;4309320782;3;4;0;75
000201959;4309320782;4;5;0;313
000202191;4309320782;1;1;1;112
000202191;4309320782;2;1;1;35
000202191;4309320782;3;4;0;75
000202191;4309320782;4;5;0;313
000202379;4272321504;1;1;2;471;2;1;0;9;3;1;0;9;4;1;0;98
000202379;4309320782;1;1;1;112
000202379;4309320782;2;1;1;36
000202379;4309320782;3;4;0;75
000202379;4309320782;4;5;0;313
000202599;4309320782;1;1;1;112
000202599;4309320782;2;1;1;37
000202602;4309320782;3;4;0;75
000202602;4309320782;4;5;0;314
000202800;4309320782;1;1;1;112
000202800;4309320782;2;1;1;37
000202800;4309320782;3;4;0;76
000202800;4309320782;4;5;0;314
000202911;4272321504;1;1;2;470;2;1;0;9;3;1;0;9;4;1;0;100
000203031;4309320782;1;1;1;112
000203031;4309320782;2;1;1;38
000203031;4309320782;3;4;0;76
000203031;4309320782;4;5;0;314
000203219;4309320782;1;1;1;112
000203219;4309320782;2;1;1;38
000203219;4309320782;3;4;0;76
000203219;4309320782;4;5;0;314
000203419;4272321504;1;1;2;469;2;1;0;9;3;1;0;9;4;1;0;100
000203439;4309320782;1;1;1;112
000203439;4309320782;2;1;1;28
000203439;4309320782;3;4;0;76
000203439;4309320782;4;5;0;315
000203639;4309320782;1;1;1;113
000203639;4309320782;2;1;1;17
000203639;4309320782;3;4;0;76
000203639;4309320782;4;5;0;315
000203865;4309320782;1;1;1;113
000203865;4309320782;2;1;1;17
000203865;4309320782;3;4;0;77
000203865;4309320782;4;5;0;315
000203939;4272321504;1;1;2;469;2;1;0;9;3;1;0;9;4;1;0;100
000204110;4309320782;1;1;1;113
000204110;4309320782;2;1;1;17
000204113;4309320782;3;4;0;77
000204113;4309320782;4;5;0;315
000204299;4309320782;1;1;1;113
000204299;4309320782;2;1;1;17
000204299;4309320782;3;4;0;77
000204299;4309320782;4;5;0;315
000204461;4272321504;1;1;2;469;2;1;0;9;3;1;0;9;4;1;0;100
000204519;4309320782;1;1;1;113
000204519;4309320782;2;1;1;17
000204519;4309320782;3;4;0;77
000204519;4309320782;4;5;0;512
000204739;4309320782;1;1;1;113
000204739;4309320782;2;1;1;17
000204739;4309320782;3;4;0;77
000204739;4309320782;4;5;0;512
000204951;4309320782;1;1;1;113
000204954;4309320782;2;1;1;17
000204954;4309320782;3;4;0;77
000204954;4309320782;4;5;0;512
000204979;4272321504;1;1;2;469;2;1;0;9;3;1;0;9;4;1;0;100
000205180;4309320782;1;1;1;113
000205180;4309320782;2;1;1;17
000205180;4309320782;3;4;0;77
000205180;4309320782;4;5;0;512
000205359;4309320782;1;1;1;113
000205359;4309320782;2;1;1;17
000205359;4309320782;3;4;0;77
000205359;4309320782;4;5;0;512
000205499;4272321504;1;1;2;469;2;1;0;9;3;1;0;9;4;1;0;100
000205580;4309320782;1;1;1;113
000205580;4309320782;2;1;1;17
000205584;4309320782;3;4;0;77
000205584;4309320782;4;5;0;513
000205791;4309320782;1;1;1;113
000205791;4309320782;2;1;1;17
000205791;4309320782;3;4;0;78
000205791;4309320782;4;5;0;513
000206020;4309320782;1;1;1;113
000206020;4309320782;2;1;1;17
000206020;4309320782;3;4;0;78
000206020;4309320782;4;5;0;513
000206020;4272321504;1;1;2;469;2;1;0;9;3;1;0;9;4;1;0;100
000206219;4309320782;1;1;1;113
000206219;4309320782;2;1;1;17
000206219;4309320782;3;4;0;78
000206219;4309320782;4;5;0;513
000206419;4309320782;1;1;1;113
000206422;4309320782;2;1;1;17
000206422;4309320782;3;4;0;78
000206422;4309320782;4;5;0;514
000206539;4272321504;1;1;2;469;2;1;0;9;3;1;0;9;4;1;0;100
000206631;4309320782;1;1;1;113
000206631;4309320782;2;1;1;17
000206631;4309320782;3;4;0;78
000206631;4309320782;4;5;0;514
000206860;4309320782;1;1;1;113
000206860;4309320782;2;1;1;17
000206860;4309320782;3;4;0;78
000206860;4309320782;4;5;0;514
000207060;4272321504;1;1;2;471;2;1;0;9;3;1;0;9;4;1;0;100
000207060;4309320782;1;1;1;113
000207060;4309320782;2;1;1;17
000207064;4309320782;3;4;0;78
000207064;4309320782;4;5;0;514
000207259;4309320782;1;1;1;113
000207259;4309320782;2;1;1;17
000207259;4309320782;3;4;0;78
000207259;4309320782;4;5;0;514
000207499;4309320782;1;1;1;113
000207499;4309320782;2;1;1;17
000207499;4309320782;3;4;0;78
000207499;4309320782;4;5;0;515
000207580;4272321504;1;1;2;468;2;1;0;9;3;1;0;9;4;1;0;100
000207719;4309320782;1;1;1;113
000207719;4309320782;2;1;1;17
000207719;4309320782;3;4;0;78
000207719;4309320782;4;5;0;515
000207940;4309320782;1;1;1;113
000208012;4309320782;2;1;1;17
000208012;4309320782;3;4;0;79
000208012;4309320782;4;5;0;515
000208099;4272321504;1;1;2;471;2;1;0;9;3;1;0;9;4;1;0;100
000208191;4309320782;1;1;1;113
000208191;4309320782;2;1;1;17
000208191;4309320782;3;4;0;79
000208191;4309320782;4;5;0;515
000208359;4309320782;1;1;1;113
000208359;4309320782;2;1;1;17
000208359;4309320782;3;4;0;79
000208359;4309320782;4;5;0;515
000208559;4309320782;1;1;1;113
000208559;4309320782;2;1;1;17
000208559;4309320782;3;4;0;79
000208559;4309320782;4;5;0;516
000208619;4272321504;1;1;2;471;2;1;0;9;3;1;0;9;4;1;0;98
000208780;4309320782;1;1;1;113
000208780;4309320782;2;1;1;17
000208780;4309320782;3;4;0;79
000208780;4309320782;4;5;0;516
000208979;4309320782;1;1;1;113
000208979;4309320782;2;1;1;17
000208979;4309320782;3;4;0;79
000208979;4309320782;4;5;0;516
000209140;4272321504;1;1;2;471;2;1;0;9;3;1;0;9;4;1;0;100
000209199;4309320782;1;1;1;113
000209199;4309320782;2;1;1;17
000209199;4309320782;3;4;0;79
000209199;4309320782;4;5;0;516
000209419;4309320782;1;1;1;113
000209424;4309320782;2;1;1;17
000209424;4309320782;3;4;0;79
000209424;4309320782;4;5;0;516
000209620;4309320782;1;1;1;113
000209620;4309320782;2;1;1;17
000209620;4309320782;3;4;0;79
000209620;4309320782;4;5;0;517
000209659;4272321504;1;1;2;469;2;1;0;9;3;1;0;9;4;1;0;100
000209870;4309320782;1;1;1;113
000209871;4309320782;2;1;1;17
000209871;4309320782;3;4;0;79
000209871;4309320782;4;5;0;517
000210039;4309320782;1;1;1;114
000210039;4309320782;2;1;1;17
000210039;4309320782;3;4;0;80
000210039;4309320782;4;5;0;517
000210179;4272321504;1;1;2;471;2;1;0;9;3;1;0;9;4;1;0;100
000210259;4309320782;1;1;1;113
000210259;4309320782;2;1;1;17
000210259;4309320782;3;4;0;80
000210259;4309320782;4;5;0;517
000210460;4309320782;1;1;1;113
000210460;4309320782;2;1;1;17
000210460;4309320782;3;4;0;80
000210460;4309320782;4;5;0;518
000210711;4309320782;1;1;1;113
000210711;4309320782;2;1;1;17
000210711;4309320782;3;4;0;80
000210711;4309320782;4;5;0;518
000210711;4272321504;1;1;2;471;2;1;0;9;3;1;0;9;4;1;0;100
000210899;4309320782;1;1;1;113
000210904;4309320782;2;1;1;17
000210904;4309320782;3;4;0;80
000210904;4309320782;4;5;0;518
000211119;4309320782;1;1;1;113
000211119;4309320782;2;1;1;17
000211119;4309320782;3;4;0;80
000211119;4309320782;4;5;0;518
000211220;4272321504;1;1;2;469;2;1;0;9;3;1;0;9;4;1;0;100
000211339;4309320782;1;1;1;113
000211339;4309320782;2;1;1;17
000211339;4309320782;3;4;0;80
000211339;4309320782;4;5;0;518
000211559;4309320782;1;1;1;113
000211559;4309320782;2;1;1;17
000211559;4309320782;3;4;0;80
000211559;4309320782;4;5;0;519
000211739;4272321504;1;1;2;470;2;1;0;9;3;1;0;9;4;1;0;100
000211790;4309320782;1;1;1;113
000211790;4309320782;2;1;1;17
000211790;4309320782;3;4;0;80
000211790;4309320782;4;5;0;519
000211979;4309320782;1;1;1;113
000211979;4309320782;2;1;1;17
000211979;4309320782;3;4;0;81
000211979;4309320782;4;5;0;519
000212179;4309320782;1;1;1;113
000212179;4309320782;2;1;1;17
000212179;4309320782;3;4;0;81
000212179;4309320782;4;5;0;519
000212271;4272321504;1;1;2;471;2;1;0;9;3;1;0;9;4;1;0;100
000212399;4309320782;1;1;1;113
000212404;4309320782;2;1;1;17
000212404;4309320782;3;4;0;81
000212404;4309320782;4;5;0;519
000212631;4309320782;1;1;1;113
000212631;4309320782;2;1;1;17
000212631;4309320782;3;4;0;81
000212631;4309320782;4;5;0;520
000212779;4272321504;1;1;2;470;2;1;0;9;3;1;0;9;4;1;0;100
000212819;4309320782;1;1;1;113
000212819;4309320782;2;1;1;17
000212819;4309320782;3;4;0;81
000212819;4309320782;4;5;0;520
000213039;4309320782;1;1;1;113
000213039;4309320782;2;1;1;17
000213039;4309320782;3;4;0;81
000213039;4309320782;4;5;0;520
000213239;4309320782;1;1;1;113
000213239;4309320782;2;1;1;17
000213239;4309320782;3;4;0;81
000213239;4309320782;4;5;0;520
000213299;4272321504;1;1;2;470;2;1;0;9;3;1;0;9;4;1;0;100
000213471;4309320782;1;1;1;113
000213471;4309320782;2;1;1;17
000213471;4309320782;3;4;0;81
000213471;4309320782;4;5;0;521
000213659;4309320782;1;1;1;113
000213659;4309320782;2;1;1;17
000213659;4309320782;3;4;0;81
000213659;4309320782;4;5;0;521
000213831;4272321504;1;1;2;469;2;1;0;9;3;1;0;9;4;1;0;100
000213879;4309320782;1;1;1;113
000213884;4309320782;2;1;1;17
000213884;4309320782;3;4;0;81
000213884;4309320782;4;5;0;521
000214079;4309320782;1;1;1;113
000214079;4309320782;2;1;1;17
000214079;4309320782;3;4;0;82
000214079;4309320782;4;5;0;521
000214339;4272321504;1;1;2;469;2;1;0;9;3;1;0;9;4;1;0;100
000214420;4309320782;1;1;1;113
000214420;4309320782;2;1;1;17
000214420;4309320782;3;4;0;82
000214420;4309320782;4;5;0;522
000214671;4309320782;1;1;1;113
000214671;4309320782;2;1;1;17
000214671;4309320782;3;4;0;82
000214671;4309320782;4;5;0;522
000214859;4272321504;1;1;2;469;2;1;0;9;3;1;0;9;4;1;0;98
000214900;4309320782;1;1;1;113
000214900;4309320782;2;1;1;17
000214900;4309320782;3;4;0;82
000214900;4309320782;4;5;0;522
000215079;4309320782;1;1;1;113
000215079;4309320782;2;1;1;17
000215079;4309320782;3;4;0;82
000215079;4309320782;4;5;0;522
000215279;4309320782;1;1;1;113
000215279;4309320782;2;1;1;17
000215279;4309320782;3;4;0;82
000215279;4309320782;4;5;0;522
000215381;4272321504;1;1;2;471;2;1;0;9;3;1;0;9;4;1;0;100
000215511;4309320782;1;1;1;113
000215517;4309320782;2;1;1;17
000215517;4309320782;3;4;0;82
000215517;4309320782;4;5;0;523
000215740;4309320782;1;1;1;113
000215740;4309320782;2;1;1;17
000215740;4309320782;3;4;0;82
000215740;4309320782;4;5;0;523
000215899;4272321504;1;1;2;470;2;1;0;9;3;1;0;9;4;1;0;100
000216419;4272321504;1;1;2;470;2;1;0;9;3;1;0;9;4;1;0;100
000216940;4272321504;1;1;2;470;2;1;0;9;3;1;0;9;4;1;0;100
000217459;4272321504;1;1;2;470;2;1;0;9;3;1;0;9;4;1;0;100
